#
# There is insufficient memory for the Java Runtime Environment to continue.
# Native memory allocation (malloc) failed to allocate 345936 bytes for Chunk::new
# Possible reasons:
#   The system is out of physical RAM or swap space
#   The process is running with CompressedOops enabled, and the Java Heap may be blocking the growth of the native heap
# Possible solutions:
#   Reduce memory load on the system
#   Increase physical memory or swap space
#   Check if swap backing store is full
#   Decrease Java heap size (-Xmx/-Xms)
#   Decrease number of Java threads
#   Decrease Java thread stack sizes (-Xss)
#   Set larger code cache with -XX:ReservedCodeCacheSize=
#   JVM is running with Unscaled Compressed Oops mode in which the Java heap is
#     placed in the first 4GB address space. The Java Heap base address is the
#     maximum limit for the native heap growth. Please use -XX:HeapBaseMinAddress
#     to set the Java Heap base and to place the Java Heap above 4GB virtual address.
# This output file may be truncated or incomplete.
#
#  Out of Memory Error (arena.cpp:189), pid=13548, tid=10788
#
# JRE version: OpenJDK Runtime Environment Temurin-17.0.1+12 (17.0.1+12) (build 17.0.1+12)
# Java VM: OpenJDK 64-Bit Server VM Temurin-17.0.1+12 (17.0.1+12, mixed mode, tiered, compressed oops, compressed class ptrs, g1 gc, windows-amd64)
# No core dump will be written. Minidumps are not enabled by default on client versions of Windows
#

---------------  S U M M A R Y ------------

Command Line: -Dfile.encoding=UTF-8 -XX:+ShowCodeDetailsInExceptionMessages must.wikisyllabus.WikiSyllabusApplication

Host: Intel(R) Core(TM) i7-7500U CPU @ 2.70GHz, 4 cores, 7G,  Windows 10 , 64 bit Build 19041 (10.0.19041.3155)
Time: Sat Aug  5 13:21:27 2023 Afr. centrale Ouest elapsed time: 33.757661 seconds (0d 0h 0m 33s)

---------------  T H R E A D  ---------------

Current thread (0x000001f082004f50):  JavaThread "C2 CompilerThread0" daemon [_thread_in_native, id=10788, stack(0x0000007528900000,0x0000007528a00000)]


Current CompileTask:
C2:  33757 8392   !   4       org.springframework.util.ConcurrentReferenceHashMap$Segment::doTask (179 bytes)

Stack: [0x0000007528900000,0x0000007528a00000]
Native frames: (J=compiled Java code, j=interpreted, Vv=VM code, C=native code)
V  [jvm.dll+0x6744da]
V  [jvm.dll+0x82e144]
V  [jvm.dll+0x82f8ee]
V  [jvm.dll+0x82ff53]
V  [jvm.dll+0x245175]
V  [jvm.dll+0xab85b]
V  [jvm.dll+0xabdec]
V  [jvm.dll+0x362eb2]
V  [jvm.dll+0x32d4c1]
V  [jvm.dll+0x32c96a]
V  [jvm.dll+0x218031]
V  [jvm.dll+0x217451]
V  [jvm.dll+0x1a355d]
V  [jvm.dll+0x226e38]
V  [jvm.dll+0x224f7c]
V  [jvm.dll+0x7e3f5b]
V  [jvm.dll+0x7de51a]
V  [jvm.dll+0x673305]
C  [ucrtbase.dll+0x21bb2]
C  [KERNEL32.DLL+0x17614]
C  [ntdll.dll+0x526b1]


---------------  P R O C E S S  ---------------

Threads class SMR info:
_java_thread_list=0x000001f08804e380, length=33, elements={
0x000001f0ff2e74c0, 0x000001f0ff31dcd0, 0x000001f0ff336ff0, 0x000001f0ff3379b0,
0x000001f0ff344a50, 0x000001f0ff347320, 0x000001f082004f50, 0x000001f082005850,
0x000001f082009950, 0x000001f08216f8c0, 0x000001f082177a10, 0x000001f0839d1050,
0x000001f083aac9a0, 0x000001f083aace70, 0x000001f083aac4d0, 0x000001f083aad340,
0x000001f083aa8b10, 0x000001f083aab190, 0x000001f083aad810, 0x000001f083aa8fe0,
0x000001f083aa94b0, 0x000001f083aaacc0, 0x000001f083aa9980, 0x000001f083aa9e50,
0x000001f083aab660, 0x000001f083aa5fc0, 0x000001f083aabb30, 0x000001f083aa6490,
0x000001f0839d0b80, 0x000001f0839cf840, 0x000001f0839cfd10, 0x000001f0839d01e0,
0x000001f083c7df10
}

Java Threads: ( => current thread )
  0x000001f0ff2e74c0 JavaThread "Reference Handler" daemon [_thread_blocked, id=3176, stack(0x0000007528300000,0x0000007528400000)]
  0x000001f0ff31dcd0 JavaThread "Finalizer" daemon [_thread_blocked, id=12728, stack(0x0000007528400000,0x0000007528500000)]
  0x000001f0ff336ff0 JavaThread "Signal Dispatcher" daemon [_thread_blocked, id=13996, stack(0x0000007528500000,0x0000007528600000)]
  0x000001f0ff3379b0 JavaThread "Attach Listener" daemon [_thread_blocked, id=10148, stack(0x0000007528600000,0x0000007528700000)]
  0x000001f0ff344a50 JavaThread "Service Thread" daemon [_thread_blocked, id=1356, stack(0x0000007528700000,0x0000007528800000)]
  0x000001f0ff347320 JavaThread "Monitor Deflation Thread" daemon [_thread_blocked, id=7272, stack(0x0000007528800000,0x0000007528900000)]
=>0x000001f082004f50 JavaThread "C2 CompilerThread0" daemon [_thread_in_native, id=10788, stack(0x0000007528900000,0x0000007528a00000)]
  0x000001f082005850 JavaThread "C1 CompilerThread0" daemon [_thread_blocked, id=12256, stack(0x0000007528a00000,0x0000007528b00000)]
  0x000001f082009950 JavaThread "Sweeper thread" daemon [_thread_blocked, id=8148, stack(0x0000007528b00000,0x0000007528c00000)]
  0x000001f08216f8c0 JavaThread "Notification Thread" daemon [_thread_blocked, id=13540, stack(0x0000007528c00000,0x0000007528d00000)]
  0x000001f082177a10 JavaThread "Common-Cleaner" daemon [_thread_blocked, id=1364, stack(0x0000007528e00000,0x0000007528f00000)]
  0x000001f0839d1050 JavaThread "mysql-cj-abandoned-connection-cleanup" daemon [_thread_blocked, id=2240, stack(0x0000007529800000,0x0000007529900000)]
  0x000001f083aac9a0 JavaThread "Live Reload Server" daemon [_thread_in_native, id=3532, stack(0x0000007529e00000,0x0000007529f00000)]
  0x000001f083aace70 JavaThread "DestroyJavaVM" [_thread_blocked, id=2512, stack(0x0000007527c00000,0x0000007527d00000)]
  0x000001f083aac4d0 JavaThread "Catalina-utility-1" [_thread_blocked, id=8676, stack(0x0000007529400000,0x0000007529500000)]
  0x000001f083aad340 JavaThread "Catalina-utility-2" [_thread_blocked, id=10848, stack(0x0000007529600000,0x0000007529700000)]
  0x000001f083aa8b10 JavaThread "container-0" [_thread_blocked, id=8216, stack(0x0000007529700000,0x0000007529800000)]
  0x000001f083aab190 JavaThread "HikariPool-2 housekeeper" daemon [_thread_blocked, id=9304, stack(0x0000007529a00000,0x0000007529b00000)]
  0x000001f083aad810 JavaThread "HikariPool-2 connection adder" daemon [_thread_blocked, id=9408, stack(0x0000007529b00000,0x0000007529c00000)]
  0x000001f083aa8fe0 JavaThread "File Watcher" daemon [_thread_blocked, id=14260, stack(0x0000007529c00000,0x0000007529d00000)]
  0x000001f083aa94b0 JavaThread "http-nio-8082-exec-1" daemon [_thread_blocked, id=11620, stack(0x0000007529d00000,0x0000007529e00000)]
  0x000001f083aaacc0 JavaThread "http-nio-8082-exec-2" daemon [_thread_blocked, id=6692, stack(0x0000007529f00000,0x000000752a000000)]
  0x000001f083aa9980 JavaThread "http-nio-8082-exec-3" daemon [_thread_blocked, id=9688, stack(0x000000752a000000,0x000000752a100000)]
  0x000001f083aa9e50 JavaThread "http-nio-8082-exec-4" daemon [_thread_blocked, id=10676, stack(0x000000752a100000,0x000000752a200000)]
  0x000001f083aab660 JavaThread "http-nio-8082-exec-5" daemon [_thread_blocked, id=10572, stack(0x000000752a200000,0x000000752a300000)]
  0x000001f083aa5fc0 JavaThread "http-nio-8082-exec-6" daemon [_thread_blocked, id=7592, stack(0x000000752a300000,0x000000752a400000)]
  0x000001f083aabb30 JavaThread "http-nio-8082-exec-7" daemon [_thread_blocked, id=12656, stack(0x000000752a400000,0x000000752a500000)]
  0x000001f083aa6490 JavaThread "http-nio-8082-exec-8" daemon [_thread_blocked, id=13716, stack(0x000000752a500000,0x000000752a600000)]
  0x000001f0839d0b80 JavaThread "http-nio-8082-exec-9" daemon [_thread_blocked, id=13360, stack(0x000000752a600000,0x000000752a700000)]
  0x000001f0839cf840 JavaThread "http-nio-8082-exec-10" daemon [_thread_blocked, id=3096, stack(0x000000752a700000,0x000000752a800000)]
  0x000001f0839cfd10 JavaThread "http-nio-8082-Poller" daemon [_thread_in_native, id=10504, stack(0x000000752a800000,0x000000752a900000)]
  0x000001f0839d01e0 JavaThread "http-nio-8082-Acceptor" daemon [_thread_in_native, id=6680, stack(0x000000752a900000,0x000000752aa00000)]
  0x000001f083c7df10 JavaThread "C2 CompilerThread1" daemon [_thread_in_native, id=10492, stack(0x0000007528f00000,0x0000007529000000)]

Other Threads:
  0x000001f0ff2fd810 VMThread "VM Thread" [stack: 0x0000007528200000,0x0000007528300000] [id=9836]
  0x000001f082171da0 WatcherThread [stack: 0x0000007528d00000,0x0000007528e00000] [id=1360]
  0x000001f0e5d8d100 GCTaskThread "GC Thread#0" [stack: 0x0000007527d00000,0x0000007527e00000] [id=13952]
  0x000001f082aa17f0 GCTaskThread "GC Thread#1" [stack: 0x0000007529000000,0x0000007529100000] [id=3416]
  0x000001f0836e3540 GCTaskThread "GC Thread#2" [stack: 0x0000007529100000,0x0000007529200000] [id=1856]
  0x000001f082bfebe0 GCTaskThread "GC Thread#3" [stack: 0x0000007529200000,0x0000007529300000] [id=10352]
  0x000001f0e5d9e460 ConcurrentGCThread "G1 Main Marker" [stack: 0x0000007527e00000,0x0000007527f00000] [id=13084]
  0x000001f0e5d9ee70 ConcurrentGCThread "G1 Conc#0" [stack: 0x0000007527f00000,0x0000007528000000] [id=5412]
  0x000001f0e5e14c90 ConcurrentGCThread "G1 Refine#0" [stack: 0x0000007528000000,0x0000007528100000] [id=9400]
  0x000001f0e5e156b0 ConcurrentGCThread "G1 Service" [stack: 0x0000007528100000,0x0000007528200000] [id=11240]

Threads with active compile tasks:
C2 CompilerThread0    33950 8392   !   4       org.springframework.util.ConcurrentReferenceHashMap$Segment::doTask (179 bytes)
C2 CompilerThread1    33950 8500       4       org.springframework.core.ResolvableType$WildcardBounds::get (136 bytes)

VM state: not at safepoint (normal execution)

VM Mutex/Monitor currently owned by a thread: None

OutOfMemory and StackOverflow Exception counts:
StackOverflowErrors=9
LinkageErrors=147

Heap address: 0x0000000081c00000, size: 2020 MB, Compressed Oops mode: 32-bit

CDS archive(s) not mapped
Compressed class space mapped at: 0x0000000100000000-0x0000000140000000, reserved size: 1073741824
Narrow klass base: 0x0000000000000000, Narrow klass shift: 3, Narrow klass range: 0x140000000

GC Precious Log:
 CPUs: 4 total, 4 available
 Memory: 8073M
 Large Page Support: Disabled
 NUMA Support: Disabled
 Compressed Oops: Enabled (32-bit)
 Heap Region Size: 1M
 Heap Min Capacity: 8M
 Heap Initial Capacity: 128M
 Heap Max Capacity: 2020M
 Pre-touch: Disabled
 Parallel Workers: 4
 Concurrent Workers: 1
 Concurrent Refinement Workers: 4
 Periodic GC: Disabled

Heap:
 garbage-first heap   total 267264K, used 136130K [0x0000000081c00000, 0x0000000100000000)
  region size 1024K, 109 young (111616K), 4 survivors (4096K)
 Metaspace       used 79645K, committed 80256K, reserved 1122304K
  class space    used 10281K, committed 10560K, reserved 1048576K

Heap Regions: E=young(eden), S=young(survivor), O=old, HS=humongous(starts), HC=humongous(continues), CS=collection set, F=free, OA=open archive, CA=closed archive, TAMS=top-at-mark-start (previous, next)
|   0|0x0000000081c00000, 0x0000000081d00000, 0x0000000081d00000|100%|HS|  |TAMS 0x0000000081d00000, 0x0000000081c00000| Untracked 
|   1|0x0000000081d00000, 0x0000000081e00000, 0x0000000081e00000|100%| O|  |TAMS 0x0000000081e00000, 0x0000000081d00000| Untracked 
|   2|0x0000000081e00000, 0x0000000081eee380, 0x0000000081f00000| 93%| O|  |TAMS 0x0000000081e00000, 0x0000000081e00000| Untracked 
|   3|0x0000000081f00000, 0x0000000082000000, 0x0000000082000000|100%| O|  |TAMS 0x0000000082000000, 0x0000000081f00000| Untracked 
|   4|0x0000000082000000, 0x00000000820fffc0, 0x0000000082100000| 99%| O|  |TAMS 0x0000000082000000, 0x0000000082000000| Untracked 
|   5|0x0000000082100000, 0x00000000821ffff0, 0x0000000082200000| 99%| O|  |TAMS 0x0000000082100000, 0x0000000082100000| Untracked 
|   6|0x0000000082200000, 0x00000000822fffe0, 0x0000000082300000| 99%| O|  |TAMS 0x0000000082200000, 0x0000000082200000| Untracked 
|   7|0x0000000082300000, 0x00000000823fffc8, 0x0000000082400000| 99%| O|  |TAMS 0x0000000082300000, 0x0000000082300000| Untracked 
|   8|0x0000000082400000, 0x0000000082500000, 0x0000000082500000|100%| O|  |TAMS 0x0000000082400000, 0x0000000082400000| Untracked 
|   9|0x0000000082500000, 0x00000000825ffff8, 0x0000000082600000| 99%| O|  |TAMS 0x0000000082500000, 0x0000000082500000| Untracked 
|  10|0x0000000082600000, 0x0000000082700000, 0x0000000082700000|100%| O|  |TAMS 0x0000000082600000, 0x0000000082600000| Untracked 
|  11|0x0000000082700000, 0x00000000827ffff0, 0x0000000082800000| 99%| O|  |TAMS 0x0000000082700000, 0x0000000082700000| Untracked 
|  12|0x0000000082800000, 0x00000000828ffff0, 0x0000000082900000| 99%| O|  |TAMS 0x0000000082800000, 0x0000000082800000| Untracked 
|  13|0x0000000082900000, 0x00000000829fffe8, 0x0000000082a00000| 99%| O|  |TAMS 0x0000000082900000, 0x0000000082900000| Untracked 
|  14|0x0000000082a00000, 0x0000000082afff98, 0x0000000082b00000| 99%| O|  |TAMS 0x0000000082a00000, 0x0000000082a00000| Untracked 
|  15|0x0000000082b00000, 0x0000000082c00000, 0x0000000082c00000|100%| O|  |TAMS 0x0000000082b00000, 0x0000000082b00000| Untracked 
|  16|0x0000000082c00000, 0x0000000082cffff0, 0x0000000082d00000| 99%| O|  |TAMS 0x0000000082c00000, 0x0000000082c00000| Untracked 
|  17|0x0000000082d00000, 0x0000000082e00000, 0x0000000082e00000|100%| O|  |TAMS 0x0000000082e00000, 0x0000000082d00000| Untracked 
|  18|0x0000000082e00000, 0x0000000082f00000, 0x0000000082f00000|100%| O|  |TAMS 0x0000000082f00000, 0x0000000082e00000| Untracked 
|  19|0x0000000082f00000, 0x0000000082fffff0, 0x0000000083000000| 99%| O|  |TAMS 0x0000000082f00000, 0x0000000082f00000| Untracked 
|  20|0x0000000083000000, 0x00000000830fffe8, 0x0000000083100000| 99%| O|  |TAMS 0x0000000083000000, 0x0000000083000000| Untracked 
|  21|0x0000000083100000, 0x0000000083200000, 0x0000000083200000|100%| O|  |TAMS 0x0000000083200000, 0x0000000083100000| Untracked 
|  22|0x0000000083200000, 0x0000000083300000, 0x0000000083300000|100%| O|  |TAMS 0x0000000083300000, 0x0000000083200000| Untracked 
|  23|0x0000000083300000, 0x0000000083400000, 0x0000000083400000|100%| O|  |TAMS 0x0000000083400000, 0x0000000083300000| Untracked 
|  24|0x0000000083400000, 0x00000000834fffe8, 0x0000000083500000| 99%| O|  |TAMS 0x0000000083400000, 0x0000000083400000| Untracked 
|  25|0x0000000083500000, 0x00000000835ffec8, 0x0000000083600000| 99%| O|  |TAMS 0x0000000083500000, 0x0000000083500000| Untracked 
|  26|0x0000000083600000, 0x0000000083684050, 0x0000000083700000| 51%| O|  |TAMS 0x0000000083600000, 0x0000000083600000| Untracked 
|  27|0x0000000083700000, 0x000000008373de70, 0x0000000083800000| 24%| O|  |TAMS 0x0000000083700000, 0x0000000083700000| Untracked 
|  28|0x0000000083800000, 0x000000008381b9b8, 0x0000000083900000| 10%| O|  |TAMS 0x0000000083800000, 0x0000000083800000| Untracked 
|  29|0x0000000083900000, 0x0000000083900000, 0x0000000083a00000|  0%| F|  |TAMS 0x0000000083900000, 0x0000000083900000| Untracked 
|  30|0x0000000083a00000, 0x0000000083a00000, 0x0000000083b00000|  0%| F|  |TAMS 0x0000000083a00000, 0x0000000083a00000| Untracked 
|  31|0x0000000083b00000, 0x0000000083b00000, 0x0000000083c00000|  0%| F|  |TAMS 0x0000000083b00000, 0x0000000083b00000| Untracked 
|  32|0x0000000083c00000, 0x0000000083c00000, 0x0000000083d00000|  0%| F|  |TAMS 0x0000000083c00000, 0x0000000083c00000| Untracked 
|  33|0x0000000083d00000, 0x0000000083d00000, 0x0000000083e00000|  0%| F|  |TAMS 0x0000000083d00000, 0x0000000083d00000| Untracked 
|  34|0x0000000083e00000, 0x0000000083e00000, 0x0000000083f00000|  0%| F|  |TAMS 0x0000000083e00000, 0x0000000083e00000| Untracked 
|  35|0x0000000083f00000, 0x0000000083f00000, 0x0000000084000000|  0%| F|  |TAMS 0x0000000083f00000, 0x0000000083f00000| Untracked 
|  36|0x0000000084000000, 0x0000000084000000, 0x0000000084100000|  0%| F|  |TAMS 0x0000000084000000, 0x0000000084000000| Untracked 
|  37|0x0000000084100000, 0x0000000084100000, 0x0000000084200000|  0%| F|  |TAMS 0x0000000084100000, 0x0000000084100000| Untracked 
|  38|0x0000000084200000, 0x0000000084200000, 0x0000000084300000|  0%| F|  |TAMS 0x0000000084200000, 0x0000000084200000| Untracked 
|  39|0x0000000084300000, 0x0000000084300000, 0x0000000084400000|  0%| F|  |TAMS 0x0000000084300000, 0x0000000084300000| Untracked 
|  40|0x0000000084400000, 0x00000000844252a8, 0x0000000084500000| 14%| S|CS|TAMS 0x0000000084400000, 0x0000000084400000| Complete 
|  41|0x0000000084500000, 0x0000000084500000, 0x0000000084600000|  0%| F|  |TAMS 0x0000000084500000, 0x0000000084500000| Untracked 
|  42|0x0000000084600000, 0x0000000084700000, 0x0000000084700000|100%| S|CS|TAMS 0x0000000084600000, 0x0000000084600000| Complete 
|  43|0x0000000084700000, 0x0000000084800000, 0x0000000084800000|100%| S|CS|TAMS 0x0000000084700000, 0x0000000084700000| Complete 
|  44|0x0000000084800000, 0x0000000084900000, 0x0000000084900000|100%| S|CS|TAMS 0x0000000084800000, 0x0000000084800000| Complete 
|  45|0x0000000084900000, 0x0000000084900000, 0x0000000084a00000|  0%| F|  |TAMS 0x0000000084900000, 0x0000000084900000| Untracked 
|  46|0x0000000084a00000, 0x0000000084a00000, 0x0000000084b00000|  0%| F|  |TAMS 0x0000000084a00000, 0x0000000084a00000| Untracked 
|  47|0x0000000084b00000, 0x0000000084b00000, 0x0000000084c00000|  0%| F|  |TAMS 0x0000000084b00000, 0x0000000084b00000| Untracked 
|  48|0x0000000084c00000, 0x0000000084c00000, 0x0000000084d00000|  0%| F|  |TAMS 0x0000000084c00000, 0x0000000084c00000| Untracked 
|  49|0x0000000084d00000, 0x0000000084d00000, 0x0000000084e00000|  0%| F|  |TAMS 0x0000000084d00000, 0x0000000084d00000| Untracked 
|  50|0x0000000084e00000, 0x0000000084e00000, 0x0000000084f00000|  0%| F|  |TAMS 0x0000000084e00000, 0x0000000084e00000| Untracked 
|  51|0x0000000084f00000, 0x0000000084f00000, 0x0000000085000000|  0%| F|  |TAMS 0x0000000084f00000, 0x0000000084f00000| Untracked 
|  52|0x0000000085000000, 0x0000000085000000, 0x0000000085100000|  0%| F|  |TAMS 0x0000000085000000, 0x0000000085000000| Untracked 
|  53|0x0000000085100000, 0x0000000085100000, 0x0000000085200000|  0%| F|  |TAMS 0x0000000085100000, 0x0000000085100000| Untracked 
|  54|0x0000000085200000, 0x0000000085200000, 0x0000000085300000|  0%| F|  |TAMS 0x0000000085200000, 0x0000000085200000| Untracked 
|  55|0x0000000085300000, 0x0000000085300000, 0x0000000085400000|  0%| F|  |TAMS 0x0000000085300000, 0x0000000085300000| Untracked 
|  56|0x0000000085400000, 0x0000000085400000, 0x0000000085500000|  0%| F|  |TAMS 0x0000000085400000, 0x0000000085400000| Untracked 
|  57|0x0000000085500000, 0x0000000085500000, 0x0000000085600000|  0%| F|  |TAMS 0x0000000085500000, 0x0000000085500000| Untracked 
|  58|0x0000000085600000, 0x0000000085600000, 0x0000000085700000|  0%| F|  |TAMS 0x0000000085600000, 0x0000000085600000| Untracked 
|  59|0x0000000085700000, 0x0000000085700000, 0x0000000085800000|  0%| F|  |TAMS 0x0000000085700000, 0x0000000085700000| Untracked 
|  60|0x0000000085800000, 0x0000000085800000, 0x0000000085900000|  0%| F|  |TAMS 0x0000000085800000, 0x0000000085800000| Untracked 
|  61|0x0000000085900000, 0x0000000085900000, 0x0000000085a00000|  0%| F|  |TAMS 0x0000000085900000, 0x0000000085900000| Untracked 
|  62|0x0000000085a00000, 0x0000000085a00000, 0x0000000085b00000|  0%| F|  |TAMS 0x0000000085a00000, 0x0000000085a00000| Untracked 
|  63|0x0000000085b00000, 0x0000000085b00000, 0x0000000085c00000|  0%| F|  |TAMS 0x0000000085b00000, 0x0000000085b00000| Untracked 
|  64|0x0000000085c00000, 0x0000000085c00000, 0x0000000085d00000|  0%| F|  |TAMS 0x0000000085c00000, 0x0000000085c00000| Untracked 
|  65|0x0000000085d00000, 0x0000000085d00000, 0x0000000085e00000|  0%| F|  |TAMS 0x0000000085d00000, 0x0000000085d00000| Untracked 
|  66|0x0000000085e00000, 0x0000000085e00000, 0x0000000085f00000|  0%| F|  |TAMS 0x0000000085e00000, 0x0000000085e00000| Untracked 
|  67|0x0000000085f00000, 0x0000000085f00000, 0x0000000086000000|  0%| F|  |TAMS 0x0000000085f00000, 0x0000000085f00000| Untracked 
|  68|0x0000000086000000, 0x0000000086000000, 0x0000000086100000|  0%| F|  |TAMS 0x0000000086000000, 0x0000000086000000| Untracked 
|  69|0x0000000086100000, 0x0000000086100000, 0x0000000086200000|  0%| F|  |TAMS 0x0000000086100000, 0x0000000086100000| Untracked 
|  70|0x0000000086200000, 0x0000000086200000, 0x0000000086300000|  0%| F|  |TAMS 0x0000000086200000, 0x0000000086200000| Untracked 
|  71|0x0000000086300000, 0x0000000086300000, 0x0000000086400000|  0%| F|  |TAMS 0x0000000086300000, 0x0000000086300000| Untracked 
|  72|0x0000000086400000, 0x0000000086400000, 0x0000000086500000|  0%| F|  |TAMS 0x0000000086400000, 0x0000000086400000| Untracked 
|  73|0x0000000086500000, 0x0000000086500000, 0x0000000086600000|  0%| F|  |TAMS 0x0000000086500000, 0x0000000086500000| Untracked 
|  74|0x0000000086600000, 0x0000000086600000, 0x0000000086700000|  0%| F|  |TAMS 0x0000000086600000, 0x0000000086600000| Untracked 
|  75|0x0000000086700000, 0x0000000086700000, 0x0000000086800000|  0%| F|  |TAMS 0x0000000086700000, 0x0000000086700000| Untracked 
|  76|0x0000000086800000, 0x0000000086800000, 0x0000000086900000|  0%| F|  |TAMS 0x0000000086800000, 0x0000000086800000| Untracked 
|  77|0x0000000086900000, 0x0000000086900000, 0x0000000086a00000|  0%| F|  |TAMS 0x0000000086900000, 0x0000000086900000| Untracked 
|  78|0x0000000086a00000, 0x0000000086a00000, 0x0000000086b00000|  0%| F|  |TAMS 0x0000000086a00000, 0x0000000086a00000| Untracked 
|  79|0x0000000086b00000, 0x0000000086b00000, 0x0000000086c00000|  0%| F|  |TAMS 0x0000000086b00000, 0x0000000086b00000| Untracked 
|  80|0x0000000086c00000, 0x0000000086c00000, 0x0000000086d00000|  0%| F|  |TAMS 0x0000000086c00000, 0x0000000086c00000| Untracked 
|  81|0x0000000086d00000, 0x0000000086d00000, 0x0000000086e00000|  0%| F|  |TAMS 0x0000000086d00000, 0x0000000086d00000| Untracked 
|  82|0x0000000086e00000, 0x0000000086e00000, 0x0000000086f00000|  0%| F|  |TAMS 0x0000000086e00000, 0x0000000086e00000| Untracked 
|  83|0x0000000086f00000, 0x0000000086f00000, 0x0000000087000000|  0%| F|  |TAMS 0x0000000086f00000, 0x0000000086f00000| Untracked 
|  84|0x0000000087000000, 0x0000000087000000, 0x0000000087100000|  0%| F|  |TAMS 0x0000000087000000, 0x0000000087000000| Untracked 
|  85|0x0000000087100000, 0x0000000087100000, 0x0000000087200000|  0%| F|  |TAMS 0x0000000087100000, 0x0000000087100000| Untracked 
|  86|0x0000000087200000, 0x0000000087200000, 0x0000000087300000|  0%| F|  |TAMS 0x0000000087200000, 0x0000000087200000| Untracked 
|  87|0x0000000087300000, 0x0000000087300000, 0x0000000087400000|  0%| F|  |TAMS 0x0000000087300000, 0x0000000087300000| Untracked 
|  88|0x0000000087400000, 0x0000000087400000, 0x0000000087500000|  0%| F|  |TAMS 0x0000000087400000, 0x0000000087400000| Untracked 
|  89|0x0000000087500000, 0x0000000087500000, 0x0000000087600000|  0%| F|  |TAMS 0x0000000087500000, 0x0000000087500000| Untracked 
|  90|0x0000000087600000, 0x0000000087600000, 0x0000000087700000|  0%| F|  |TAMS 0x0000000087600000, 0x0000000087600000| Untracked 
|  91|0x0000000087700000, 0x0000000087700000, 0x0000000087800000|  0%| F|  |TAMS 0x0000000087700000, 0x0000000087700000| Untracked 
|  92|0x0000000087800000, 0x0000000087800000, 0x0000000087900000|  0%| F|  |TAMS 0x0000000087800000, 0x0000000087800000| Untracked 
|  93|0x0000000087900000, 0x0000000087900000, 0x0000000087a00000|  0%| F|  |TAMS 0x0000000087900000, 0x0000000087900000| Untracked 
|  94|0x0000000087a00000, 0x0000000087a00000, 0x0000000087b00000|  0%| F|  |TAMS 0x0000000087a00000, 0x0000000087a00000| Untracked 
|  95|0x0000000087b00000, 0x0000000087b00000, 0x0000000087c00000|  0%| F|  |TAMS 0x0000000087b00000, 0x0000000087b00000| Untracked 
|  96|0x0000000087c00000, 0x0000000087c00000, 0x0000000087d00000|  0%| F|  |TAMS 0x0000000087c00000, 0x0000000087c00000| Untracked 
|  97|0x0000000087d00000, 0x0000000087d00000, 0x0000000087e00000|  0%| F|  |TAMS 0x0000000087d00000, 0x0000000087d00000| Untracked 
|  98|0x0000000087e00000, 0x0000000087e00000, 0x0000000087f00000|  0%| F|  |TAMS 0x0000000087e00000, 0x0000000087e00000| Untracked 
|  99|0x0000000087f00000, 0x0000000087f00000, 0x0000000088000000|  0%| F|  |TAMS 0x0000000087f00000, 0x0000000087f00000| Untracked 
| 100|0x0000000088000000, 0x0000000088000000, 0x0000000088100000|  0%| F|  |TAMS 0x0000000088000000, 0x0000000088000000| Untracked 
| 101|0x0000000088100000, 0x0000000088100000, 0x0000000088200000|  0%| F|  |TAMS 0x0000000088100000, 0x0000000088100000| Untracked 
| 102|0x0000000088200000, 0x0000000088200000, 0x0000000088300000|  0%| F|  |TAMS 0x0000000088200000, 0x0000000088200000| Untracked 
| 103|0x0000000088300000, 0x0000000088300000, 0x0000000088400000|  0%| F|  |TAMS 0x0000000088300000, 0x0000000088300000| Untracked 
| 104|0x0000000088400000, 0x0000000088400000, 0x0000000088500000|  0%| F|  |TAMS 0x0000000088400000, 0x0000000088400000| Untracked 
| 105|0x0000000088500000, 0x0000000088500000, 0x0000000088600000|  0%| F|  |TAMS 0x0000000088500000, 0x0000000088500000| Untracked 
| 106|0x0000000088600000, 0x0000000088600000, 0x0000000088700000|  0%| F|  |TAMS 0x0000000088600000, 0x0000000088600000| Untracked 
| 107|0x0000000088700000, 0x0000000088700000, 0x0000000088800000|  0%| F|  |TAMS 0x0000000088700000, 0x0000000088700000| Untracked 
| 108|0x0000000088800000, 0x0000000088800000, 0x0000000088900000|  0%| F|  |TAMS 0x0000000088800000, 0x0000000088800000| Untracked 
| 109|0x0000000088900000, 0x0000000088900000, 0x0000000088a00000|  0%| F|  |TAMS 0x0000000088900000, 0x0000000088900000| Untracked 
| 110|0x0000000088a00000, 0x0000000088a00000, 0x0000000088b00000|  0%| F|  |TAMS 0x0000000088a00000, 0x0000000088a00000| Untracked 
| 111|0x0000000088b00000, 0x0000000088b00000, 0x0000000088c00000|  0%| F|  |TAMS 0x0000000088b00000, 0x0000000088b00000| Untracked 
| 112|0x0000000088c00000, 0x0000000088c00000, 0x0000000088d00000|  0%| F|  |TAMS 0x0000000088c00000, 0x0000000088c00000| Untracked 
| 113|0x0000000088d00000, 0x0000000088d00000, 0x0000000088e00000|  0%| F|  |TAMS 0x0000000088d00000, 0x0000000088d00000| Untracked 
| 114|0x0000000088e00000, 0x0000000088e00000, 0x0000000088f00000|  0%| F|  |TAMS 0x0000000088e00000, 0x0000000088e00000| Untracked 
| 115|0x0000000088f00000, 0x0000000088f00000, 0x0000000089000000|  0%| F|  |TAMS 0x0000000088f00000, 0x0000000088f00000| Untracked 
| 116|0x0000000089000000, 0x0000000089000000, 0x0000000089100000|  0%| F|  |TAMS 0x0000000089000000, 0x0000000089000000| Untracked 
| 117|0x0000000089100000, 0x0000000089100000, 0x0000000089200000|  0%| F|  |TAMS 0x0000000089100000, 0x0000000089100000| Untracked 
| 118|0x0000000089200000, 0x0000000089200000, 0x0000000089300000|  0%| F|  |TAMS 0x0000000089200000, 0x0000000089200000| Untracked 
| 119|0x0000000089300000, 0x0000000089300000, 0x0000000089400000|  0%| F|  |TAMS 0x0000000089300000, 0x0000000089300000| Untracked 
| 120|0x0000000089400000, 0x0000000089400000, 0x0000000089500000|  0%| F|  |TAMS 0x0000000089400000, 0x0000000089400000| Untracked 
| 121|0x0000000089500000, 0x0000000089500000, 0x0000000089600000|  0%| F|  |TAMS 0x0000000089500000, 0x0000000089500000| Untracked 
| 122|0x0000000089600000, 0x0000000089600000, 0x0000000089700000|  0%| F|  |TAMS 0x0000000089600000, 0x0000000089600000| Untracked 
| 123|0x0000000089700000, 0x0000000089700000, 0x0000000089800000|  0%| F|  |TAMS 0x0000000089700000, 0x0000000089700000| Untracked 
| 124|0x0000000089800000, 0x0000000089800000, 0x0000000089900000|  0%| F|  |TAMS 0x0000000089800000, 0x0000000089800000| Untracked 
| 125|0x0000000089900000, 0x0000000089900000, 0x0000000089a00000|  0%| F|  |TAMS 0x0000000089900000, 0x0000000089900000| Untracked 
| 126|0x0000000089a00000, 0x0000000089a00000, 0x0000000089b00000|  0%| F|  |TAMS 0x0000000089a00000, 0x0000000089a00000| Untracked 
| 127|0x0000000089b00000, 0x0000000089b00000, 0x0000000089c00000|  0%| F|  |TAMS 0x0000000089b00000, 0x0000000089b00000| Untracked 
| 128|0x0000000089c00000, 0x0000000089c00000, 0x0000000089d00000|  0%| F|  |TAMS 0x0000000089c00000, 0x0000000089c00000| Untracked 
| 129|0x0000000089d00000, 0x0000000089d00000, 0x0000000089e00000|  0%| F|  |TAMS 0x0000000089d00000, 0x0000000089d00000| Untracked 
| 130|0x0000000089e00000, 0x0000000089e00000, 0x0000000089f00000|  0%| F|  |TAMS 0x0000000089e00000, 0x0000000089e00000| Untracked 
| 131|0x0000000089f00000, 0x0000000089f00000, 0x000000008a000000|  0%| F|  |TAMS 0x0000000089f00000, 0x0000000089f00000| Untracked 
| 132|0x000000008a000000, 0x000000008a000000, 0x000000008a100000|  0%| F|  |TAMS 0x000000008a000000, 0x000000008a000000| Untracked 
| 133|0x000000008a100000, 0x000000008a100000, 0x000000008a200000|  0%| F|  |TAMS 0x000000008a100000, 0x000000008a100000| Untracked 
| 134|0x000000008a200000, 0x000000008a200000, 0x000000008a300000|  0%| F|  |TAMS 0x000000008a200000, 0x000000008a200000| Untracked 
| 135|0x000000008a300000, 0x000000008a300000, 0x000000008a400000|  0%| F|  |TAMS 0x000000008a300000, 0x000000008a300000| Untracked 
| 136|0x000000008a400000, 0x000000008a400000, 0x000000008a500000|  0%| F|  |TAMS 0x000000008a400000, 0x000000008a400000| Untracked 
| 137|0x000000008a500000, 0x000000008a500000, 0x000000008a600000|  0%| F|  |TAMS 0x000000008a500000, 0x000000008a500000| Untracked 
| 138|0x000000008a600000, 0x000000008a600000, 0x000000008a700000|  0%| F|  |TAMS 0x000000008a600000, 0x000000008a600000| Untracked 
| 139|0x000000008a700000, 0x000000008a700000, 0x000000008a800000|  0%| F|  |TAMS 0x000000008a700000, 0x000000008a700000| Untracked 
| 140|0x000000008a800000, 0x000000008a800000, 0x000000008a900000|  0%| F|  |TAMS 0x000000008a800000, 0x000000008a800000| Untracked 
| 141|0x000000008a900000, 0x000000008a900000, 0x000000008aa00000|  0%| F|  |TAMS 0x000000008a900000, 0x000000008a900000| Untracked 
| 142|0x000000008aa00000, 0x000000008aa00000, 0x000000008ab00000|  0%| F|  |TAMS 0x000000008aa00000, 0x000000008aa00000| Untracked 
| 143|0x000000008ab00000, 0x000000008ab00000, 0x000000008ac00000|  0%| F|  |TAMS 0x000000008ab00000, 0x000000008ab00000| Untracked 
| 144|0x000000008ac00000, 0x000000008ac00000, 0x000000008ad00000|  0%| F|  |TAMS 0x000000008ac00000, 0x000000008ac00000| Untracked 
| 145|0x000000008ad00000, 0x000000008ad00000, 0x000000008ae00000|  0%| F|  |TAMS 0x000000008ad00000, 0x000000008ad00000| Untracked 
| 146|0x000000008ae00000, 0x000000008ae00000, 0x000000008af00000|  0%| F|  |TAMS 0x000000008ae00000, 0x000000008ae00000| Untracked 
| 147|0x000000008af00000, 0x000000008af00000, 0x000000008b000000|  0%| F|  |TAMS 0x000000008af00000, 0x000000008af00000| Untracked 
| 148|0x000000008b000000, 0x000000008b000000, 0x000000008b100000|  0%| F|  |TAMS 0x000000008b000000, 0x000000008b000000| Untracked 
| 149|0x000000008b100000, 0x000000008b100000, 0x000000008b200000|  0%| F|  |TAMS 0x000000008b100000, 0x000000008b100000| Untracked 
| 150|0x000000008b200000, 0x000000008b200000, 0x000000008b300000|  0%| F|  |TAMS 0x000000008b200000, 0x000000008b200000| Untracked 
| 151|0x000000008b300000, 0x000000008b300000, 0x000000008b400000|  0%| F|  |TAMS 0x000000008b300000, 0x000000008b300000| Untracked 
| 152|0x000000008b400000, 0x000000008b400000, 0x000000008b500000|  0%| F|  |TAMS 0x000000008b400000, 0x000000008b400000| Untracked 
| 153|0x000000008b500000, 0x000000008b500000, 0x000000008b600000|  0%| F|  |TAMS 0x000000008b500000, 0x000000008b500000| Untracked 
| 154|0x000000008b600000, 0x000000008b600000, 0x000000008b700000|  0%| F|  |TAMS 0x000000008b600000, 0x000000008b600000| Untracked 
| 155|0x000000008b700000, 0x000000008b700000, 0x000000008b800000|  0%| F|  |TAMS 0x000000008b700000, 0x000000008b700000| Untracked 
| 156|0x000000008b800000, 0x000000008b880800, 0x000000008b900000| 50%| E|  |TAMS 0x000000008b800000, 0x000000008b800000| Complete 
| 157|0x000000008b900000, 0x000000008ba00000, 0x000000008ba00000|100%| E|CS|TAMS 0x000000008b900000, 0x000000008b900000| Complete 
| 158|0x000000008ba00000, 0x000000008bb00000, 0x000000008bb00000|100%| E|CS|TAMS 0x000000008ba00000, 0x000000008ba00000| Complete 
| 159|0x000000008bb00000, 0x000000008bc00000, 0x000000008bc00000|100%| E|CS|TAMS 0x000000008bb00000, 0x000000008bb00000| Complete 
| 160|0x000000008bc00000, 0x000000008bd00000, 0x000000008bd00000|100%| E|CS|TAMS 0x000000008bc00000, 0x000000008bc00000| Complete 
| 161|0x000000008bd00000, 0x000000008be00000, 0x000000008be00000|100%| E|CS|TAMS 0x000000008bd00000, 0x000000008bd00000| Complete 
| 162|0x000000008be00000, 0x000000008bf00000, 0x000000008bf00000|100%| E|CS|TAMS 0x000000008be00000, 0x000000008be00000| Complete 
| 163|0x000000008bf00000, 0x000000008c000000, 0x000000008c000000|100%| E|CS|TAMS 0x000000008bf00000, 0x000000008bf00000| Complete 
| 164|0x000000008c000000, 0x000000008c100000, 0x000000008c100000|100%| E|CS|TAMS 0x000000008c000000, 0x000000008c000000| Complete 
| 165|0x000000008c100000, 0x000000008c200000, 0x000000008c200000|100%| E|CS|TAMS 0x000000008c100000, 0x000000008c100000| Complete 
| 166|0x000000008c200000, 0x000000008c300000, 0x000000008c300000|100%| E|CS|TAMS 0x000000008c200000, 0x000000008c200000| Complete 
| 167|0x000000008c300000, 0x000000008c400000, 0x000000008c400000|100%| E|CS|TAMS 0x000000008c300000, 0x000000008c300000| Complete 
| 168|0x000000008c400000, 0x000000008c500000, 0x000000008c500000|100%| E|CS|TAMS 0x000000008c400000, 0x000000008c400000| Complete 
| 169|0x000000008c500000, 0x000000008c600000, 0x000000008c600000|100%| E|CS|TAMS 0x000000008c500000, 0x000000008c500000| Complete 
| 170|0x000000008c600000, 0x000000008c700000, 0x000000008c700000|100%| E|CS|TAMS 0x000000008c600000, 0x000000008c600000| Complete 
| 171|0x000000008c700000, 0x000000008c800000, 0x000000008c800000|100%| E|CS|TAMS 0x000000008c700000, 0x000000008c700000| Complete 
| 172|0x000000008c800000, 0x000000008c900000, 0x000000008c900000|100%| E|CS|TAMS 0x000000008c800000, 0x000000008c800000| Complete 
| 173|0x000000008c900000, 0x000000008ca00000, 0x000000008ca00000|100%| E|CS|TAMS 0x000000008c900000, 0x000000008c900000| Complete 
| 174|0x000000008ca00000, 0x000000008cb00000, 0x000000008cb00000|100%| E|CS|TAMS 0x000000008ca00000, 0x000000008ca00000| Complete 
| 175|0x000000008cb00000, 0x000000008cc00000, 0x000000008cc00000|100%| E|CS|TAMS 0x000000008cb00000, 0x000000008cb00000| Complete 
| 176|0x000000008cc00000, 0x000000008cd00000, 0x000000008cd00000|100%| E|CS|TAMS 0x000000008cc00000, 0x000000008cc00000| Complete 
| 177|0x000000008cd00000, 0x000000008ce00000, 0x000000008ce00000|100%| E|CS|TAMS 0x000000008cd00000, 0x000000008cd00000| Complete 
| 178|0x000000008ce00000, 0x000000008cf00000, 0x000000008cf00000|100%| E|CS|TAMS 0x000000008ce00000, 0x000000008ce00000| Complete 
| 179|0x000000008cf00000, 0x000000008d000000, 0x000000008d000000|100%| E|CS|TAMS 0x000000008cf00000, 0x000000008cf00000| Complete 
| 180|0x000000008d000000, 0x000000008d100000, 0x000000008d100000|100%| E|CS|TAMS 0x000000008d000000, 0x000000008d000000| Complete 
| 181|0x000000008d100000, 0x000000008d200000, 0x000000008d200000|100%| E|CS|TAMS 0x000000008d100000, 0x000000008d100000| Complete 
| 182|0x000000008d200000, 0x000000008d300000, 0x000000008d300000|100%| E|CS|TAMS 0x000000008d200000, 0x000000008d200000| Complete 
| 183|0x000000008d300000, 0x000000008d400000, 0x000000008d400000|100%| E|CS|TAMS 0x000000008d300000, 0x000000008d300000| Complete 
| 184|0x000000008d400000, 0x000000008d500000, 0x000000008d500000|100%| E|CS|TAMS 0x000000008d400000, 0x000000008d400000| Complete 
| 185|0x000000008d500000, 0x000000008d600000, 0x000000008d600000|100%| E|CS|TAMS 0x000000008d500000, 0x000000008d500000| Complete 
| 186|0x000000008d600000, 0x000000008d700000, 0x000000008d700000|100%| E|CS|TAMS 0x000000008d600000, 0x000000008d600000| Complete 
| 187|0x000000008d700000, 0x000000008d800000, 0x000000008d800000|100%| E|CS|TAMS 0x000000008d700000, 0x000000008d700000| Complete 
| 188|0x000000008d800000, 0x000000008d900000, 0x000000008d900000|100%| E|CS|TAMS 0x000000008d800000, 0x000000008d800000| Complete 
| 189|0x000000008d900000, 0x000000008da00000, 0x000000008da00000|100%| E|CS|TAMS 0x000000008d900000, 0x000000008d900000| Complete 
| 190|0x000000008da00000, 0x000000008db00000, 0x000000008db00000|100%| E|CS|TAMS 0x000000008da00000, 0x000000008da00000| Complete 
| 191|0x000000008db00000, 0x000000008dc00000, 0x000000008dc00000|100%| E|CS|TAMS 0x000000008db00000, 0x000000008db00000| Complete 
| 192|0x000000008dc00000, 0x000000008dd00000, 0x000000008dd00000|100%| E|CS|TAMS 0x000000008dc00000, 0x000000008dc00000| Complete 
| 193|0x000000008dd00000, 0x000000008de00000, 0x000000008de00000|100%| E|CS|TAMS 0x000000008dd00000, 0x000000008dd00000| Complete 
| 194|0x000000008de00000, 0x000000008df00000, 0x000000008df00000|100%| E|CS|TAMS 0x000000008de00000, 0x000000008de00000| Complete 
| 195|0x000000008df00000, 0x000000008e000000, 0x000000008e000000|100%| E|CS|TAMS 0x000000008df00000, 0x000000008df00000| Complete 
| 196|0x000000008e000000, 0x000000008e100000, 0x000000008e100000|100%| E|CS|TAMS 0x000000008e000000, 0x000000008e000000| Complete 
| 197|0x000000008e100000, 0x000000008e200000, 0x000000008e200000|100%| E|CS|TAMS 0x000000008e100000, 0x000000008e100000| Complete 
| 198|0x000000008e200000, 0x000000008e300000, 0x000000008e300000|100%| E|CS|TAMS 0x000000008e200000, 0x000000008e200000| Complete 
| 199|0x000000008e300000, 0x000000008e400000, 0x000000008e400000|100%| E|CS|TAMS 0x000000008e300000, 0x000000008e300000| Complete 
| 200|0x000000008e400000, 0x000000008e500000, 0x000000008e500000|100%| E|CS|TAMS 0x000000008e400000, 0x000000008e400000| Complete 
| 201|0x000000008e500000, 0x000000008e600000, 0x000000008e600000|100%| E|CS|TAMS 0x000000008e500000, 0x000000008e500000| Complete 
| 202|0x000000008e600000, 0x000000008e700000, 0x000000008e700000|100%| E|CS|TAMS 0x000000008e600000, 0x000000008e600000| Complete 
| 203|0x000000008e700000, 0x000000008e800000, 0x000000008e800000|100%| E|CS|TAMS 0x000000008e700000, 0x000000008e700000| Complete 
| 204|0x000000008e800000, 0x000000008e900000, 0x000000008e900000|100%| E|CS|TAMS 0x000000008e800000, 0x000000008e800000| Complete 
| 205|0x000000008e900000, 0x000000008ea00000, 0x000000008ea00000|100%| E|CS|TAMS 0x000000008e900000, 0x000000008e900000| Complete 
| 206|0x000000008ea00000, 0x000000008eb00000, 0x000000008eb00000|100%| E|CS|TAMS 0x000000008ea00000, 0x000000008ea00000| Complete 
| 207|0x000000008eb00000, 0x000000008ec00000, 0x000000008ec00000|100%| E|CS|TAMS 0x000000008eb00000, 0x000000008eb00000| Complete 
| 208|0x000000008ec00000, 0x000000008ed00000, 0x000000008ed00000|100%| E|CS|TAMS 0x000000008ec00000, 0x000000008ec00000| Complete 
| 209|0x000000008ed00000, 0x000000008ee00000, 0x000000008ee00000|100%| E|CS|TAMS 0x000000008ed00000, 0x000000008ed00000| Complete 
| 210|0x000000008ee00000, 0x000000008ef00000, 0x000000008ef00000|100%| E|CS|TAMS 0x000000008ee00000, 0x000000008ee00000| Complete 
| 211|0x000000008ef00000, 0x000000008f000000, 0x000000008f000000|100%| E|CS|TAMS 0x000000008ef00000, 0x000000008ef00000| Complete 
| 212|0x000000008f000000, 0x000000008f100000, 0x000000008f100000|100%| E|CS|TAMS 0x000000008f000000, 0x000000008f000000| Complete 
| 213|0x000000008f100000, 0x000000008f200000, 0x000000008f200000|100%| E|CS|TAMS 0x000000008f100000, 0x000000008f100000| Complete 
| 214|0x000000008f200000, 0x000000008f300000, 0x000000008f300000|100%| E|CS|TAMS 0x000000008f200000, 0x000000008f200000| Complete 
| 215|0x000000008f300000, 0x000000008f400000, 0x000000008f400000|100%| E|CS|TAMS 0x000000008f300000, 0x000000008f300000| Complete 
| 216|0x000000008f400000, 0x000000008f500000, 0x000000008f500000|100%| E|CS|TAMS 0x000000008f400000, 0x000000008f400000| Complete 
| 217|0x000000008f500000, 0x000000008f600000, 0x000000008f600000|100%| E|CS|TAMS 0x000000008f500000, 0x000000008f500000| Complete 
| 218|0x000000008f600000, 0x000000008f700000, 0x000000008f700000|100%| E|CS|TAMS 0x000000008f600000, 0x000000008f600000| Complete 
| 219|0x000000008f700000, 0x000000008f800000, 0x000000008f800000|100%| E|CS|TAMS 0x000000008f700000, 0x000000008f700000| Complete 
| 220|0x000000008f800000, 0x000000008f900000, 0x000000008f900000|100%| E|CS|TAMS 0x000000008f800000, 0x000000008f800000| Complete 
| 221|0x000000008f900000, 0x000000008fa00000, 0x000000008fa00000|100%| E|CS|TAMS 0x000000008f900000, 0x000000008f900000| Complete 
| 222|0x000000008fa00000, 0x000000008fb00000, 0x000000008fb00000|100%| E|CS|TAMS 0x000000008fa00000, 0x000000008fa00000| Complete 
| 223|0x000000008fb00000, 0x000000008fc00000, 0x000000008fc00000|100%| E|CS|TAMS 0x000000008fb00000, 0x000000008fb00000| Complete 
| 224|0x000000008fc00000, 0x000000008fd00000, 0x000000008fd00000|100%| E|CS|TAMS 0x000000008fc00000, 0x000000008fc00000| Complete 
| 225|0x000000008fd00000, 0x000000008fe00000, 0x000000008fe00000|100%| E|CS|TAMS 0x000000008fd00000, 0x000000008fd00000| Complete 
| 226|0x000000008fe00000, 0x000000008ff00000, 0x000000008ff00000|100%| E|CS|TAMS 0x000000008fe00000, 0x000000008fe00000| Complete 
| 227|0x000000008ff00000, 0x0000000090000000, 0x0000000090000000|100%| E|CS|TAMS 0x000000008ff00000, 0x000000008ff00000| Complete 
| 228|0x0000000090000000, 0x0000000090100000, 0x0000000090100000|100%| E|CS|TAMS 0x0000000090000000, 0x0000000090000000| Complete 
| 229|0x0000000090100000, 0x0000000090200000, 0x0000000090200000|100%| E|CS|TAMS 0x0000000090100000, 0x0000000090100000| Complete 
| 230|0x0000000090200000, 0x0000000090300000, 0x0000000090300000|100%| E|CS|TAMS 0x0000000090200000, 0x0000000090200000| Complete 
| 231|0x0000000090300000, 0x0000000090400000, 0x0000000090400000|100%| E|CS|TAMS 0x0000000090300000, 0x0000000090300000| Complete 
| 232|0x0000000090400000, 0x0000000090500000, 0x0000000090500000|100%| E|CS|TAMS 0x0000000090400000, 0x0000000090400000| Complete 
| 233|0x0000000090500000, 0x0000000090600000, 0x0000000090600000|100%| E|CS|TAMS 0x0000000090500000, 0x0000000090500000| Complete 
| 234|0x0000000090600000, 0x0000000090700000, 0x0000000090700000|100%| E|CS|TAMS 0x0000000090600000, 0x0000000090600000| Complete 
| 235|0x0000000090700000, 0x0000000090800000, 0x0000000090800000|100%| E|CS|TAMS 0x0000000090700000, 0x0000000090700000| Complete 
| 236|0x0000000090800000, 0x0000000090900000, 0x0000000090900000|100%| E|CS|TAMS 0x0000000090800000, 0x0000000090800000| Complete 
| 237|0x0000000090900000, 0x0000000090a00000, 0x0000000090a00000|100%| E|CS|TAMS 0x0000000090900000, 0x0000000090900000| Complete 
| 238|0x0000000090a00000, 0x0000000090b00000, 0x0000000090b00000|100%| E|CS|TAMS 0x0000000090a00000, 0x0000000090a00000| Complete 
| 239|0x0000000090b00000, 0x0000000090c00000, 0x0000000090c00000|100%| E|CS|TAMS 0x0000000090b00000, 0x0000000090b00000| Complete 
| 240|0x0000000090c00000, 0x0000000090d00000, 0x0000000090d00000|100%| E|CS|TAMS 0x0000000090c00000, 0x0000000090c00000| Complete 
| 241|0x0000000090d00000, 0x0000000090e00000, 0x0000000090e00000|100%| E|CS|TAMS 0x0000000090d00000, 0x0000000090d00000| Complete 
| 242|0x0000000090e00000, 0x0000000090f00000, 0x0000000090f00000|100%| E|CS|TAMS 0x0000000090e00000, 0x0000000090e00000| Complete 
| 243|0x0000000090f00000, 0x0000000091000000, 0x0000000091000000|100%| E|CS|TAMS 0x0000000090f00000, 0x0000000090f00000| Complete 
| 244|0x0000000091000000, 0x0000000091100000, 0x0000000091100000|100%| E|CS|TAMS 0x0000000091000000, 0x0000000091000000| Complete 
| 245|0x0000000091100000, 0x0000000091200000, 0x0000000091200000|100%| E|CS|TAMS 0x0000000091100000, 0x0000000091100000| Complete 
| 246|0x0000000091200000, 0x0000000091300000, 0x0000000091300000|100%| E|  |TAMS 0x0000000091200000, 0x0000000091200000| Complete 
| 247|0x0000000091300000, 0x0000000091400000, 0x0000000091400000|100%| E|CS|TAMS 0x0000000091300000, 0x0000000091300000| Complete 
| 248|0x0000000091400000, 0x0000000091500000, 0x0000000091500000|100%| E|CS|TAMS 0x0000000091400000, 0x0000000091400000| Complete 
| 249|0x0000000091500000, 0x0000000091600000, 0x0000000091600000|100%| E|CS|TAMS 0x0000000091500000, 0x0000000091500000| Complete 
| 250|0x0000000091600000, 0x0000000091700000, 0x0000000091700000|100%| E|CS|TAMS 0x0000000091600000, 0x0000000091600000| Complete 
| 251|0x0000000091700000, 0x0000000091800000, 0x0000000091800000|100%| E|CS|TAMS 0x0000000091700000, 0x0000000091700000| Complete 
| 252|0x0000000091800000, 0x0000000091900000, 0x0000000091900000|100%| E|CS|TAMS 0x0000000091800000, 0x0000000091800000| Complete 
| 253|0x0000000091900000, 0x0000000091a00000, 0x0000000091a00000|100%| E|CS|TAMS 0x0000000091900000, 0x0000000091900000| Complete 
| 254|0x0000000091a00000, 0x0000000091b00000, 0x0000000091b00000|100%| E|CS|TAMS 0x0000000091a00000, 0x0000000091a00000| Complete 
| 255|0x0000000091b00000, 0x0000000091c00000, 0x0000000091c00000|100%| E|CS|TAMS 0x0000000091b00000, 0x0000000091b00000| Complete 
| 256|0x0000000091c00000, 0x0000000091d00000, 0x0000000091d00000|100%| E|CS|TAMS 0x0000000091c00000, 0x0000000091c00000| Complete 
| 257|0x0000000091d00000, 0x0000000091e00000, 0x0000000091e00000|100%| E|CS|TAMS 0x0000000091d00000, 0x0000000091d00000| Complete 
| 258|0x0000000091e00000, 0x0000000091f00000, 0x0000000091f00000|100%| E|CS|TAMS 0x0000000091e00000, 0x0000000091e00000| Complete 
| 259|0x0000000091f00000, 0x0000000092000000, 0x0000000092000000|100%| E|CS|TAMS 0x0000000091f00000, 0x0000000091f00000| Complete 
|2019|0x00000000fff00000, 0x0000000100000000, 0x0000000100000000|100%| E|CS|TAMS 0x00000000fff00000, 0x00000000fff00000| Complete 

Card table byte_map: [0x000001f0fa5e0000,0x000001f0fa9e0000] _byte_map_base: 0x000001f0fa1d2000

Marking Bits (Prev, Next): (CMBitMap*) 0x000001f0e5d8d750, (CMBitMap*) 0x000001f0e5d8d710
 Prev Bits: [0x000001f0fcd70000, 0x000001f0fed00000)
 Next Bits: [0x000001f0fade0000, 0x000001f0fcd70000)

Polling page: 0x000001f0e5ba0000

Metaspace:

Usage:
  Non-class:     67.74 MB used.
      Class:     10.04 MB used.
       Both:     77.78 MB used.

Virtual space:
  Non-class space:       72.00 MB reserved,      68.06 MB ( 95%) committed,  9 nodes.
      Class space:        1.00 GB reserved,      10.31 MB (  1%) committed,  1 nodes.
             Both:        1.07 GB reserved,      78.38 MB (  7%) committed. 

Chunk freelists:
   Non-Class:  3.55 MB
       Class:  1.69 MB
        Both:  5.24 MB

MaxMetaspaceSize: unlimited
CompressedClassSpaceSize: 1.00 GB
Initial GC threshold: 21.00 MB
Current GC threshold: 128.06 MB
CDS: off
MetaspaceReclaimPolicy: balanced
 - commit_granule_bytes: 65536.
 - commit_granule_words: 8192.
 - virtual_space_node_default_size: 1048576.
 - enlarge_chunks_in_place: 1.
 - new_chunks_are_fully_committed: 0.
 - uncommit_free_chunks: 1.
 - use_allocation_guard: 0.
 - handle_deallocations: 1.


Internal statistics:

num_allocs_failed_limit: 12.
num_arena_births: 860.
num_arena_deaths: 0.
num_vsnodes_births: 10.
num_vsnodes_deaths: 0.
num_space_committed: 1254.
num_space_uncommitted: 0.
num_chunks_returned_to_freelist: 12.
num_chunks_taken_from_freelist: 3496.
num_chunk_merges: 12.
num_chunk_splits: 2506.
num_chunks_enlarged: 1912.
num_purges: 2.
num_inconsistent_stats: 0.

CodeHeap 'non-profiled nmethods': size=120000Kb used=4544Kb max_used=4544Kb free=115455Kb
 bounds [0x000001f0f2680000, 0x000001f0f2b00000, 0x000001f0f9bb0000]
CodeHeap 'profiled nmethods': size=120000Kb used=13771Kb max_used=13771Kb free=106228Kb
 bounds [0x000001f0eb150000, 0x000001f0ebed0000, 0x000001f0f2680000]
CodeHeap 'non-nmethods': size=5760Kb used=1343Kb max_used=1437Kb free=4416Kb
 bounds [0x000001f0eabb0000, 0x000001f0eae20000, 0x000001f0eb150000]
 total_blobs=8280 nmethods=7601 adapters=590
 compilation: enabled
              stopped_count=0, restarted_count=0
 full_count=0

Compilation events (20 events):
Event: 33.735 Thread 0x000001f082005850 8468       3       com.fasterxml.jackson.databind.introspect.JacksonAnnotationIntrospector::hasAsValue (28 bytes)
Event: 33.736 Thread 0x000001f082005850 nmethod 8468 0x000001f0ebeb8f10 code [0x000001f0ebeb9100, 0x000001f0ebeb96b8]
Event: 33.736 Thread 0x000001f082005850 8471       3       com.fasterxml.jackson.databind.util.internal.PrivateMaxEntriesMap::afterRead (18 bytes)
Event: 33.736 Thread 0x000001f082005850 nmethod 8471 0x000001f0ebeb9810 code [0x000001f0ebeb99c0, 0x000001f0ebeb9c78]
Event: 33.736 Thread 0x000001f082005850 8470       1       com.fasterxml.jackson.databind.AnnotationIntrospector::findWrapperName (2 bytes)
Event: 33.736 Thread 0x000001f082005850 nmethod 8470 0x000001f0f2aeba90 code [0x000001f0f2aebc20, 0x000001f0f2aebcf8]
Event: 33.736 Thread 0x000001f082005850 8472       1       com.fasterxml.jackson.databind.cfg.BaseSettings::getClassIntrospector (5 bytes)
Event: 33.736 Thread 0x000001f082005850 nmethod 8472 0x000001f0f2aebd90 code [0x000001f0f2aebf20, 0x000001f0f2aebff8]
Event: 33.736 Thread 0x000001f082005850 8476       1       com.fasterxml.jackson.databind.AnnotationIntrospector::isAnnotationBundle (2 bytes)
Event: 33.736 Thread 0x000001f082005850 nmethod 8476 0x000001f0f2aec090 code [0x000001f0f2aec220, 0x000001f0f2aec2f8]
Event: 33.736 Thread 0x000001f082005850 8473       1       com.fasterxml.jackson.databind.introspect.JacksonAnnotationIntrospector::findRenameByField (2 bytes)
Event: 33.737 Thread 0x000001f082005850 nmethod 8473 0x000001f0f2aec390 code [0x000001f0f2aec520, 0x000001f0f2aec5f8]
Event: 33.737 Thread 0x000001f082005850 8474       1       com.fasterxml.jackson.databind.AnnotationIntrospector::findRenameByField (2 bytes)
Event: 33.737 Thread 0x000001f082005850 nmethod 8474 0x000001f0f2aec690 code [0x000001f0f2aec820, 0x000001f0f2aec8f8]
Event: 33.737 Thread 0x000001f082005850 8475       1       com.fasterxml.jackson.databind.introspect.AnnotatedField::getAnnotated (5 bytes)
Event: 33.737 Thread 0x000001f082005850 nmethod 8475 0x000001f0f2aec990 code [0x000001f0f2aecb20, 0x000001f0f2aecbf8]
Event: 33.737 Thread 0x000001f082005850 8477       3       com.fasterxml.jackson.databind.JavaType::hasRawClass (14 bytes)
Event: 33.738 Thread 0x000001f082005850 nmethod 8477 0x000001f0ebeb9d90 code [0x000001f0ebeb9f20, 0x000001f0ebeba098]
Event: 33.738 Thread 0x000001f082005850 8478       3       com.fasterxml.jackson.databind.introspect.POJOPropertyBuilder$5::withMember (6 bytes)
Event: 33.738 Thread 0x000001f082005850 nmethod 8478 0x000001f0ebeba110 code [0x000001f0ebeba2c0, 0x000001f0ebeba508]

GC Heap History (20 events):
Event: 6.851 GC heap before
{Heap before GC invocations=18 (full 0):
 garbage-first heap   total 124928K, used 89371K [0x0000000081c00000, 0x0000000100000000)
  region size 1024K, 73 young (74752K), 2 survivors (2048K)
 Metaspace       used 58597K, committed 59072K, reserved 1105920K
  class space    used 7410K, committed 7616K, reserved 1048576K
}
Event: 6.860 GC heap after
{Heap after GC invocations=19 (full 0):
 garbage-first heap   total 124928K, used 22932K [0x0000000081c00000, 0x0000000100000000)
  region size 1024K, 7 young (7168K), 7 survivors (7168K)
 Metaspace       used 58597K, committed 59072K, reserved 1105920K
  class space    used 7410K, committed 7616K, reserved 1048576K
}
Event: 7.189 GC heap before
{Heap before GC invocations=19 (full 0):
 garbage-first heap   total 124928K, used 36244K [0x0000000081c00000, 0x0000000100000000)
  region size 1024K, 21 young (21504K), 7 survivors (7168K)
 Metaspace       used 60020K, committed 60416K, reserved 1105920K
  class space    used 7616K, committed 7808K, reserved 1048576K
}
Event: 7.199 GC heap after
{Heap after GC invocations=20 (full 0):
 garbage-first heap   total 124928K, used 23542K [0x0000000081c00000, 0x0000000100000000)
  region size 1024K, 1 young (1024K), 1 survivors (1024K)
 Metaspace       used 60020K, committed 60416K, reserved 1105920K
  class space    used 7616K, committed 7808K, reserved 1048576K
}
Event: 8.718 GC heap before
{Heap before GC invocations=21 (full 0):
 garbage-first heap   total 89088K, used 75766K [0x0000000081c00000, 0x0000000100000000)
  region size 1024K, 52 young (53248K), 1 survivors (1024K)
 Metaspace       used 68206K, committed 68672K, reserved 1114112K
  class space    used 8818K, committed 9024K, reserved 1048576K
}
Event: 8.726 GC heap after
{Heap after GC invocations=22 (full 0):
 garbage-first heap   total 89088K, used 26607K [0x0000000081c00000, 0x0000000100000000)
  region size 1024K, 4 young (4096K), 4 survivors (4096K)
 Metaspace       used 68206K, committed 68672K, reserved 1114112K
  class space    used 8818K, committed 9024K, reserved 1048576K
}
Event: 8.744 GC heap before
{Heap before GC invocations=22 (full 0):
 garbage-first heap   total 89088K, used 28655K [0x0000000081c00000, 0x0000000100000000)
  region size 1024K, 6 young (6144K), 4 survivors (4096K)
 Metaspace       used 68240K, committed 68736K, reserved 1114112K
  class space    used 8819K, committed 9024K, reserved 1048576K
}
Event: 8.752 GC heap after
{Heap after GC invocations=23 (full 0):
 garbage-first heap   total 89088K, used 26973K [0x0000000081c00000, 0x0000000100000000)
  region size 1024K, 1 young (1024K), 1 survivors (1024K)
 Metaspace       used 68240K, committed 68736K, reserved 1114112K
  class space    used 8819K, committed 9024K, reserved 1048576K
}
Event: 9.694 GC heap before
{Heap before GC invocations=23 (full 0):
 garbage-first heap   total 89088K, used 72029K [0x0000000081c00000, 0x0000000100000000)
  region size 1024K, 45 young (46080K), 1 survivors (1024K)
 Metaspace       used 71974K, committed 72448K, reserved 1114112K
  class space    used 9345K, committed 9536K, reserved 1048576K
}
Event: 9.700 GC heap after
{Heap after GC invocations=24 (full 0):
 garbage-first heap   total 89088K, used 29781K [0x0000000081c00000, 0x0000000100000000)
  region size 1024K, 4 young (4096K), 4 survivors (4096K)
 Metaspace       used 71974K, committed 72448K, reserved 1114112K
  class space    used 9345K, committed 9536K, reserved 1048576K
}
Event: 30.156 GC heap before
{Heap before GC invocations=25 (full 0):
 garbage-first heap   total 89088K, used 69717K [0x0000000081c00000, 0x0000000100000000)
  region size 1024K, 44 young (45056K), 4 survivors (4096K)
 Metaspace       used 77920K, committed 78528K, reserved 1122304K
  class space    used 10180K, committed 10432K, reserved 1048576K
}
Event: 30.163 GC heap after
{Heap after GC invocations=26 (full 0):
 garbage-first heap   total 89088K, used 31959K [0x0000000081c00000, 0x0000000100000000)
  region size 1024K, 3 young (3072K), 3 survivors (3072K)
 Metaspace       used 77920K, committed 78528K, reserved 1122304K
  class space    used 10180K, committed 10432K, reserved 1048576K
}
Event: 30.185 GC heap before
{Heap before GC invocations=26 (full 0):
 garbage-first heap   total 89088K, used 31959K [0x0000000081c00000, 0x0000000100000000)
  region size 1024K, 4 young (4096K), 3 survivors (3072K)
 Metaspace       used 78040K, committed 78656K, reserved 1122304K
  class space    used 10205K, committed 10496K, reserved 1048576K
}
Event: 30.233 GC heap after
{Heap after GC invocations=27 (full 1):
 garbage-first heap   total 89088K, used 27438K [0x0000000081c00000, 0x0000000100000000)
  region size 1024K, 0 young (0K), 0 survivors (0K)
 Metaspace       used 78040K, committed 78656K, reserved 1122304K
  class space    used 10205K, committed 10496K, reserved 1048576K
}
Event: 31.015 GC heap before
{Heap before GC invocations=27 (full 1):
 garbage-first heap   total 89088K, used 68398K [0x0000000081c00000, 0x0000000100000000)
  region size 1024K, 41 young (41984K), 0 survivors (0K)
 Metaspace       used 78410K, committed 79040K, reserved 1122304K
  class space    used 10229K, committed 10560K, reserved 1048576K
}
Event: 31.020 GC heap after
{Heap after GC invocations=28 (full 1):
 garbage-first heap   total 89088K, used 30624K [0x0000000081c00000, 0x0000000100000000)
  region size 1024K, 4 young (4096K), 4 survivors (4096K)
 Metaspace       used 78410K, committed 79040K, reserved 1122304K
  class space    used 10229K, committed 10560K, reserved 1048576K
}
Event: 31.028 GC heap before
{Heap before GC invocations=28 (full 1):
 garbage-first heap   total 89088K, used 68512K [0x0000000081c00000, 0x0000000100000000)
  region size 1024K, 42 young (43008K), 4 survivors (4096K)
 Metaspace       used 78410K, committed 79040K, reserved 1122304K
  class space    used 10229K, committed 10560K, reserved 1048576K
}
Event: 31.033 GC heap after
{Heap after GC invocations=29 (full 1):
 garbage-first heap   total 89088K, used 30650K [0x0000000081c00000, 0x0000000100000000)
  region size 1024K, 4 young (4096K), 4 survivors (4096K)
 Metaspace       used 78410K, committed 79040K, reserved 1122304K
  class space    used 10229K, committed 10560K, reserved 1048576K
}
Event: 31.039 GC heap before
{Heap before GC invocations=29 (full 1):
 garbage-first heap   total 89088K, used 69562K [0x0000000081c00000, 0x0000000100000000)
  region size 1024K, 43 young (44032K), 4 survivors (4096K)
 Metaspace       used 78410K, committed 79040K, reserved 1122304K
  class space    used 10229K, committed 10560K, reserved 1048576K
}
Event: 31.044 GC heap after
{Heap after GC invocations=30 (full 1):
 garbage-first heap   total 267264K, used 30658K [0x0000000081c00000, 0x0000000100000000)
  region size 1024K, 4 young (4096K), 4 survivors (4096K)
 Metaspace       used 78410K, committed 79040K, reserved 1122304K
  class space    used 10229K, committed 10560K, reserved 1048576K
}

Deoptimization events (20 events):
Event: 32.320 Thread 0x000001f083aaa320 DEOPT PACKING pc=0x000001f0eb7c997e sp=0x00000075295fd150
Event: 32.320 Thread 0x000001f083aaa320 DEOPT UNPACKING pc=0x000001f0eac02b43 sp=0x00000075295fc6f0 mode 0
Event: 32.384 Thread 0x000001f083aaa320 DEOPT PACKING pc=0x000001f0eb88a836 sp=0x00000075295fe200
Event: 32.384 Thread 0x000001f083aaa320 DEOPT UNPACKING pc=0x000001f0eac02b43 sp=0x00000075295fd6c8 mode 0
Event: 33.693 Thread 0x000001f083aaacc0 Uncommon trap: trap_request=0xffffffde fr.pc=0x000001f0f2ab13c4 relative=0x0000000000001124
Event: 33.693 Thread 0x000001f083aaacc0 Uncommon trap: reason=class_check action=maybe_recompile pc=0x000001f0f2ab13c4 method=org.springframework.core.annotation.AnnotatedElementUtils.getAnnotationAttributes(Lorg/springframework/core/annotation/MergedAnnotation;ZZ)Lorg/springframework/core/anno
Event: 33.693 Thread 0x000001f083aaacc0 DEOPT PACKING pc=0x000001f0f2ab13c4 sp=0x0000007529ffc300
Event: 33.693 Thread 0x000001f083aaacc0 DEOPT UNPACKING pc=0x000001f0eac023a3 sp=0x0000007529ffc178 mode 2
Event: 33.711 Thread 0x000001f083aaacc0 Uncommon trap: trap_request=0xffffff45 fr.pc=0x000001f0f26a0b30 relative=0x0000000000001750
Event: 33.711 Thread 0x000001f083aaacc0 Uncommon trap: reason=unstable_if action=reinterpret pc=0x000001f0f26a0b30 method=com.fasterxml.jackson.core.io.SerializedString.appendQuotedUTF8([BI)I @ 6 c2
Event: 33.711 Thread 0x000001f083aaacc0 DEOPT PACKING pc=0x000001f0f26a0b30 sp=0x0000007529ffcb80
Event: 33.711 Thread 0x000001f083aaacc0 DEOPT UNPACKING pc=0x000001f0eac023a3 sp=0x0000007529ffca68 mode 2
Event: 33.711 Thread 0x000001f083aaacc0 Uncommon trap: trap_request=0xffffff45 fr.pc=0x000001f0f27e5a84 relative=0x0000000000000524
Event: 33.711 Thread 0x000001f083aaacc0 Uncommon trap: reason=unstable_if action=reinterpret pc=0x000001f0f27e5a84 method=com.fasterxml.jackson.core.io.SerializedString.appendQuotedUTF8([BI)I @ 6 c2
Event: 33.711 Thread 0x000001f083aaacc0 DEOPT PACKING pc=0x000001f0f27e5a84 sp=0x0000007529ffcb10
Event: 33.711 Thread 0x000001f083aaacc0 DEOPT UNPACKING pc=0x000001f0eac023a3 sp=0x0000007529ffca50 mode 2
Event: 33.711 Thread 0x000001f083aaacc0 Uncommon trap: trap_request=0xffffff45 fr.pc=0x000001f0f27e51ec relative=0x00000000000000ec
Event: 33.711 Thread 0x000001f083aaacc0 Uncommon trap: reason=unstable_if action=reinterpret pc=0x000001f0f27e51ec method=com.fasterxml.jackson.core.io.SerializedString.appendQuotedUTF8([BI)I @ 6 c2
Event: 33.711 Thread 0x000001f083aaacc0 DEOPT PACKING pc=0x000001f0f27e51ec sp=0x0000007529ffca90
Event: 33.711 Thread 0x000001f083aaacc0 DEOPT UNPACKING pc=0x000001f0eac023a3 sp=0x0000007529ffca50 mode 2

Classes unloaded (0 events):
No events

Classes redefined (0 events):
No events

Internal exceptions (20 events):
Event: 30.154 Thread 0x000001f0839cfd10 Exception <a 'java/lang/InterruptedException'{0x0000000084ad2b90}: sleep interrupted> (0x0000000084ad2b90) 
thrown [e:\jenkins\tmp\workspace\build\src\src\hotspot\share\prims\jvm.cpp, line 3067]
Event: 30.259 Thread 0x000001f083aaa320 Exception <a 'sun/nio/fs/WindowsException'{0x00000000fffd2808}> (0x00000000fffd2808) 
thrown [e:\jenkins\tmp\workspace\build\src\src\hotspot\share\prims\jni.cpp, line 516]
Event: 30.923 Thread 0x000001f083aaa320 Exception <a 'java/lang/NoClassDefFoundError'{0x000000008588de00}: org/flywaydb/core/Flyway> (0x000000008588de00) 
thrown [e:\jenkins\tmp\workspace\build\src\src\hotspot\share\oops\constantPool.cpp, line 835]
Event: 30.923 Thread 0x000001f083aaa320 Exception <a 'java/lang/NoClassDefFoundError'{0x000000008588e450}: liquibase/integration/spring/SpringLiquibase> (0x000000008588e450) 
thrown [e:\jenkins\tmp\workspace\build\src\src\hotspot\share\oops\constantPool.cpp, line 835]
Event: 30.929 Thread 0x000001f083aaa320 Exception <a 'java/lang/NoClassDefFoundError'{0x00000000858f9058}: org/jooq/DSLContext> (0x00000000858f9058) 
thrown [e:\jenkins\tmp\workspace\build\src\src\hotspot\share\oops\constantPool.cpp, line 835]
Event: 30.931 Thread 0x000001f083aaa320 Exception <a 'java/lang/NoClassDefFoundError'{0x0000000085708b60}: org/springframework/batch/core/repository/JobRepository> (0x0000000085708b60) 
thrown [e:\jenkins\tmp\workspace\build\src\src\hotspot\share\oops\constantPool.cpp, line 835]
Event: 30.931 Thread 0x000001f083aaa320 Exception <a 'java/lang/NoClassDefFoundError'{0x00000000857091a8}: org/quartz/Scheduler> (0x00000000857091a8) 
thrown [e:\jenkins\tmp\workspace\build\src\src\hotspot\share\oops\constantPool.cpp, line 835]
Event: 30.931 Thread 0x000001f083aaa320 Exception <a 'java/lang/NoClassDefFoundError'{0x0000000085709818}: org/springframework/session/jdbc/JdbcIndexedSessionRepository> (0x0000000085709818) 
thrown [e:\jenkins\tmp\workspace\build\src\src\hotspot\share\oops\constantPool.cpp, line 835]
Event: 30.939 Thread 0x000001f083aaa320 Implicit null exception at 0x000001f0f27f26c4 to 0x000001f0f27f5e80
Event: 31.065 Thread 0x000001f083aaa320 Exception <a 'sun/nio/fs/WindowsException'{0x0000000090df96e8}> (0x0000000090df96e8) 
thrown [e:\jenkins\tmp\workspace\build\src\src\hotspot\share\prims\jni.cpp, line 516]
Event: 31.065 Thread 0x000001f083aaa320 Exception <a 'sun/nio/fs/WindowsException'{0x0000000090df9e10}> (0x0000000090df9e10) 
thrown [e:\jenkins\tmp\workspace\build\src\src\hotspot\share\prims\jni.cpp, line 516]
Event: 31.065 Thread 0x000001f083aaa320 Exception <a 'sun/nio/fs/WindowsException'{0x0000000090dfa508}> (0x0000000090dfa508) 
thrown [e:\jenkins\tmp\workspace\build\src\src\hotspot\share\prims\jni.cpp, line 516]
Event: 31.107 Thread 0x000001f083aaa320 Exception <a 'java/io/FileNotFoundException'{0x0000000090c2f380}> (0x0000000090c2f380) 
thrown [e:\jenkins\tmp\workspace\build\src\src\hotspot\share\prims\jni.cpp, line 516]
Event: 31.138 Thread 0x000001f083aaa320 Exception <a 'java/io/FileNotFoundException'{0x0000000090a86080}> (0x0000000090a86080) 
thrown [e:\jenkins\tmp\workspace\build\src\src\hotspot\share\prims\jni.cpp, line 516]
Event: 31.942 Thread 0x000001f083aaa320 Exception <a 'java/lang/reflect/InvocationTargetException'{0x000000008e3d0c48}> (0x000000008e3d0c48) 
thrown [e:\jenkins\tmp\workspace\build\src\src\hotspot\share\runtime\reflection.cpp, line 1121]
Event: 32.160 Thread 0x000001f083aaa320 Exception <a 'java/lang/reflect/InvocationTargetException'{0x000000008cac3720}> (0x000000008cac3720) 
thrown [e:\jenkins\tmp\workspace\build\src\src\hotspot\share\runtime\reflection.cpp, line 1121]
Event: 32.160 Thread 0x000001f083aaa320 Exception <a 'java/lang/reflect/InvocationTargetException'{0x000000008cac86d8}> (0x000000008cac86d8) 
thrown [e:\jenkins\tmp\workspace\build\src\src\hotspot\share\runtime\reflection.cpp, line 1121]
Event: 33.711 Thread 0x000001f083aaacc0 Implicit null exception at 0x000001f0f269f886 to 0x000001f0f26a0ae8
Event: 33.711 Thread 0x000001f083aaacc0 Implicit null exception at 0x000001f0f27e56e0 to 0x000001f0f27e5a60
Event: 33.711 Thread 0x000001f083aaacc0 Implicit null exception at 0x000001f0f27e5130 to 0x000001f0f27e51cc

VM Operations (20 events):
Event: 31.015 Executing VM operation: G1CollectForAllocation
Event: 31.020 Executing VM operation: G1CollectForAllocation done
Event: 31.028 Executing VM operation: G1CollectForAllocation
Event: 31.033 Executing VM operation: G1CollectForAllocation done
Event: 31.039 Executing VM operation: G1CollectForAllocation
Event: 31.044 Executing VM operation: G1CollectForAllocation done
Event: 31.316 Executing VM operation: ICBufferFull
Event: 31.316 Executing VM operation: ICBufferFull done
Event: 31.490 Executing VM operation: ICBufferFull
Event: 31.491 Executing VM operation: ICBufferFull done
Event: 31.894 Executing VM operation: ICBufferFull
Event: 31.894 Executing VM operation: ICBufferFull done
Event: 32.228 Executing VM operation: ICBufferFull
Event: 32.228 Executing VM operation: ICBufferFull done
Event: 32.251 Executing VM operation: HandshakeAllThreads
Event: 32.251 Executing VM operation: HandshakeAllThreads done
Event: 32.269 Executing VM operation: ICBufferFull
Event: 32.269 Executing VM operation: ICBufferFull done
Event: 33.270 Executing VM operation: Cleanup
Event: 33.270 Executing VM operation: Cleanup done

Events (20 events):
Event: 31.329 Thread 0x000001f083aad810 Thread added: 0x000001f083aad810
Event: 32.254 Thread 0x000001f082009950 flushing nmethod 0x000001f0eb2e6210
Event: 32.258 Thread 0x000001f082009950 flushing nmethod 0x000001f0eb78fc10
Event: 32.352 Thread 0x000001f083aa8fe0 Thread added: 0x000001f083aa8fe0
Event: 32.362 Thread 0x000001f083aa94b0 Thread added: 0x000001f083aa94b0
Event: 32.362 Thread 0x000001f083aaacc0 Thread added: 0x000001f083aaacc0
Event: 32.362 Thread 0x000001f083aa9980 Thread added: 0x000001f083aa9980
Event: 32.362 Thread 0x000001f083aa9e50 Thread added: 0x000001f083aa9e50
Event: 32.362 Thread 0x000001f083aab660 Thread added: 0x000001f083aab660
Event: 32.362 Thread 0x000001f083aa5fc0 Thread added: 0x000001f083aa5fc0
Event: 32.363 Thread 0x000001f083aabb30 Thread added: 0x000001f083aabb30
Event: 32.363 Thread 0x000001f083aa6490 Thread added: 0x000001f083aa6490
Event: 32.363 Thread 0x000001f0839d0b80 Thread added: 0x000001f0839d0b80
Event: 32.363 Thread 0x000001f0839cf840 Thread added: 0x000001f0839cf840
Event: 32.382 Thread 0x000001f0839cfd10 Thread added: 0x000001f0839cfd10
Event: 32.382 Thread 0x000001f0839d01e0 Thread added: 0x000001f0839d01e0
Event: 32.391 Thread 0x000001f083aaa320 Thread exited: 0x000001f083aaa320
Event: 32.391 Thread 0x000001f083aaa7f0 Thread exited: 0x000001f083aaa7f0
Event: 33.687 Thread 0x000001f083c7ac70 Thread exited: 0x000001f083c7ac70
Event: 33.697 Thread 0x000001f083c7df10 Thread added: 0x000001f083c7df10


Dynamic libraries:
0x00007ff753fa0000 - 0x00007ff753fae000 	C:\Users\ASUSX541U\.p2\pool\plugins\org.eclipse.justj.openjdk.hotspot.jre.full.win32.x86_64_17.0.1.v20211116-1657\jre\bin\javaw.exe
0x00007ffe41250000 - 0x00007ffe41448000 	C:\WINDOWS\SYSTEM32\ntdll.dll
0x00007ffe3f9a0000 - 0x00007ffe3fa5f000 	C:\WINDOWS\System32\KERNEL32.DLL
0x00007ffe3ea90000 - 0x00007ffe3ed86000 	C:\WINDOWS\System32\KERNELBASE.dll
0x00007ffe3ed90000 - 0x00007ffe3ee90000 	C:\WINDOWS\System32\ucrtbase.dll
0x00007ffe39ad0000 - 0x00007ffe39ae9000 	C:\Users\ASUSX541U\.p2\pool\plugins\org.eclipse.justj.openjdk.hotspot.jre.full.win32.x86_64_17.0.1.v20211116-1657\jre\bin\VCRUNTIME140.dll
0x00007ffe0e630000 - 0x00007ffe0e648000 	C:\Users\ASUSX541U\.p2\pool\plugins\org.eclipse.justj.openjdk.hotspot.jre.full.win32.x86_64_17.0.1.v20211116-1657\jre\bin\jli.dll
0x00007ffe40db0000 - 0x00007ffe40f4d000 	C:\WINDOWS\System32\USER32.dll
0x00007ffe3ef20000 - 0x00007ffe3ef42000 	C:\WINDOWS\System32\win32u.dll
0x00007ffe306f0000 - 0x00007ffe3098a000 	C:\WINDOWS\WinSxS\amd64_microsoft.windows.common-controls_6595b64144ccf1df_6.0.19041.1110_none_60b5254171f9507e\COMCTL32.dll
0x00007ffe3f7f0000 - 0x00007ffe3f81c000 	C:\WINDOWS\System32\GDI32.dll
0x00007ffe40a00000 - 0x00007ffe40a9e000 	C:\WINDOWS\System32\msvcrt.dll
0x00007ffe3f160000 - 0x00007ffe3f275000 	C:\WINDOWS\System32\gdi32full.dll
0x00007ffe3f070000 - 0x00007ffe3f10d000 	C:\WINDOWS\System32\msvcp_win.dll
0x00007ffe409d0000 - 0x00007ffe40a00000 	C:\WINDOWS\System32\IMM32.DLL
0x00007ffe379f0000 - 0x00007ffe379fc000 	C:\Users\ASUSX541U\.p2\pool\plugins\org.eclipse.justj.openjdk.hotspot.jre.full.win32.x86_64_17.0.1.v20211116-1657\jre\bin\vcruntime140_1.dll
0x00007ffe24800000 - 0x00007ffe24891000 	C:\Users\ASUSX541U\.p2\pool\plugins\org.eclipse.justj.openjdk.hotspot.jre.full.win32.x86_64_17.0.1.v20211116-1657\jre\bin\msvcp140.dll
0x00007ffdcc850000 - 0x00007ffdcd496000 	C:\Users\ASUSX541U\.p2\pool\plugins\org.eclipse.justj.openjdk.hotspot.jre.full.win32.x86_64_17.0.1.v20211116-1657\jre\bin\server\jvm.dll
0x00007ffe3f8f0000 - 0x00007ffe3f99f000 	C:\WINDOWS\System32\ADVAPI32.dll
0x00007ffe40aa0000 - 0x00007ffe40b3c000 	C:\WINDOWS\System32\sechost.dll
0x00007ffe40f50000 - 0x00007ffe41076000 	C:\WINDOWS\System32\RPCRT4.dll
0x00007ffe3f780000 - 0x00007ffe3f788000 	C:\WINDOWS\System32\PSAPI.DLL
0x00007ffe2bc00000 - 0x00007ffe2bc09000 	C:\WINDOWS\SYSTEM32\WSOCK32.dll
0x00007ffe31660000 - 0x00007ffe3166a000 	C:\WINDOWS\SYSTEM32\VERSION.dll
0x00007ffe31630000 - 0x00007ffe31657000 	C:\WINDOWS\SYSTEM32\WINMM.dll
0x00007ffe40940000 - 0x00007ffe409ab000 	C:\WINDOWS\System32\WS2_32.dll
0x00007ffe3d470000 - 0x00007ffe3d482000 	C:\WINDOWS\SYSTEM32\kernel.appcore.dll
0x00007ffe25660000 - 0x00007ffe2566a000 	C:\Users\ASUSX541U\.p2\pool\plugins\org.eclipse.justj.openjdk.hotspot.jre.full.win32.x86_64_17.0.1.v20211116-1657\jre\bin\jimage.dll
0x00007ffe3d1a0000 - 0x00007ffe3d384000 	C:\WINDOWS\SYSTEM32\DBGHELP.DLL
0x00007ffe26c30000 - 0x00007ffe26c64000 	C:\WINDOWS\SYSTEM32\dbgcore.DLL
0x00007ffe3ee90000 - 0x00007ffe3ef12000 	C:\WINDOWS\System32\bcryptPrimitives.dll
0x00007ffe0c100000 - 0x00007ffe0c125000 	C:\Users\ASUSX541U\.p2\pool\plugins\org.eclipse.justj.openjdk.hotspot.jre.full.win32.x86_64_17.0.1.v20211116-1657\jre\bin\java.dll
0x00007ffe0c0e0000 - 0x00007ffe0c0f8000 	C:\Users\ASUSX541U\.p2\pool\plugins\org.eclipse.justj.openjdk.hotspot.jre.full.win32.x86_64_17.0.1.v20211116-1657\jre\bin\zip.dll
0x00007ffe3fa60000 - 0x00007ffe401a4000 	C:\WINDOWS\System32\SHELL32.dll
0x00007ffe3c5f0000 - 0x00007ffe3cd84000 	C:\WINDOWS\SYSTEM32\windows.storage.dll
0x00007ffe405e0000 - 0x00007ffe40934000 	C:\WINDOWS\System32\combase.dll
0x00007ffe3e290000 - 0x00007ffe3e2be000 	C:\WINDOWS\SYSTEM32\Wldp.dll
0x00007ffe402e0000 - 0x00007ffe4038d000 	C:\WINDOWS\System32\SHCORE.dll
0x00007ffe40cd0000 - 0x00007ffe40d25000 	C:\WINDOWS\System32\shlwapi.dll
0x00007ffe3e860000 - 0x00007ffe3e885000 	C:\WINDOWS\SYSTEM32\profapi.dll
0x00007ffe08bf0000 - 0x00007ffe08c09000 	C:\Users\ASUSX541U\.p2\pool\plugins\org.eclipse.justj.openjdk.hotspot.jre.full.win32.x86_64_17.0.1.v20211116-1657\jre\bin\net.dll
0x00007ffe31f70000 - 0x00007ffe3207a000 	C:\WINDOWS\SYSTEM32\WINHTTP.dll
0x00007ffe3e000000 - 0x00007ffe3e06a000 	C:\WINDOWS\system32\mswsock.dll
0x00007ffe07ed0000 - 0x00007ffe07ee5000 	C:\Users\ASUSX541U\.p2\pool\plugins\org.eclipse.justj.openjdk.hotspot.jre.full.win32.x86_64_17.0.1.v20211116-1657\jre\bin\nio.dll
0x00007ffe379e0000 - 0x00007ffe379e9000 	C:\Users\ASUSX541U\.p2\pool\plugins\org.eclipse.justj.openjdk.hotspot.jre.full.win32.x86_64_17.0.1.v20211116-1657\jre\bin\management.dll
0x00007ffe373d0000 - 0x00007ffe373db000 	C:\Users\ASUSX541U\.p2\pool\plugins\org.eclipse.justj.openjdk.hotspot.jre.full.win32.x86_64_17.0.1.v20211116-1657\jre\bin\management_ext.dll
0x00007ffe3e2d0000 - 0x00007ffe3e2e8000 	C:\WINDOWS\SYSTEM32\CRYPTSP.dll
0x00007ffe3d940000 - 0x00007ffe3d974000 	C:\WINDOWS\system32\rsaenh.dll
0x00007ffe3f280000 - 0x00007ffe3f2a7000 	C:\WINDOWS\System32\bcrypt.dll
0x00007ffe3e820000 - 0x00007ffe3e84e000 	C:\WINDOWS\SYSTEM32\USERENV.dll
0x00007ffe3e190000 - 0x00007ffe3e19c000 	C:\WINDOWS\SYSTEM32\CRYPTBASE.dll
0x00007ffe3dd10000 - 0x00007ffe3dd4c000 	C:\WINDOWS\SYSTEM32\IPHLPAPI.DLL
0x00007ffe405d0000 - 0x00007ffe405d8000 	C:\WINDOWS\System32\NSI.dll
0x00007ffe36730000 - 0x00007ffe36747000 	C:\WINDOWS\SYSTEM32\dhcpcsvc6.DLL
0x00007ffe36710000 - 0x00007ffe3672d000 	C:\WINDOWS\SYSTEM32\dhcpcsvc.DLL
0x00007ffe3dd50000 - 0x00007ffe3de1a000 	C:\WINDOWS\SYSTEM32\DNSAPI.dll
0x00007ffe30d40000 - 0x00007ffe30d4e000 	C:\Users\ASUSX541U\.p2\pool\plugins\org.eclipse.justj.openjdk.hotspot.jre.full.win32.x86_64_17.0.1.v20211116-1657\jre\bin\sunmscapi.dll
0x00007ffe3e930000 - 0x00007ffe3ea8e000 	C:\WINDOWS\System32\CRYPT32.dll
0x00007ffe3e350000 - 0x00007ffe3e378000 	C:\WINDOWS\SYSTEM32\ncrypt.dll
0x00007ffe3e310000 - 0x00007ffe3e34b000 	C:\WINDOWS\SYSTEM32\NTASN1.dll
0x00007ffe18090000 - 0x00007ffe180a0000 	C:\Users\ASUSX541U\.p2\pool\plugins\org.eclipse.justj.openjdk.hotspot.jre.full.win32.x86_64_17.0.1.v20211116-1657\jre\bin\verify.dll
0x00007ffe310d0000 - 0x00007ffe310da000 	C:\Windows\System32\rasadhlp.dll
0x00007ffe30250000 - 0x00007ffe302d2000 	C:\WINDOWS\System32\fwpuclnt.dll
0x00007ffe30050000 - 0x00007ffe30057000 	C:\WINDOWS\system32\wshunix.dll

dbghelp: loaded successfully - version: 4.0.5 - missing functions: none
symbol engine: initialized successfully - sym options: 0x614 - pdb path: .;C:\Users\ASUSX541U\.p2\pool\plugins\org.eclipse.justj.openjdk.hotspot.jre.full.win32.x86_64_17.0.1.v20211116-1657\jre\bin;C:\WINDOWS\SYSTEM32;C:\WINDOWS\WinSxS\amd64_microsoft.windows.common-controls_6595b64144ccf1df_6.0.19041.1110_none_60b5254171f9507e;C:\Users\ASUSX541U\.p2\pool\plugins\org.eclipse.justj.openjdk.hotspot.jre.full.win32.x86_64_17.0.1.v20211116-1657\jre\bin\server

VM Arguments:
jvm_args: -Dfile.encoding=UTF-8 -XX:+ShowCodeDetailsInExceptionMessages 
java_command: must.wikisyllabus.WikiSyllabusApplication
java_class_path (initial): C:\Users\ASUSX541U\eclipse-workspace\Spring\wikisyllabus\target\classes;C:\Users\ASUSX541U\.m2\repository\org\springframework\boot\spring-boot-starter-data-jpa\3.1.1\spring-boot-starter-data-jpa-3.1.1.jar;C:\Users\ASUSX541U\.m2\repository\org\springframework\boot\spring-boot-starter-aop\3.1.1\spring-boot-starter-aop-3.1.1.jar;C:\Users\ASUSX541U\.m2\repository\org\springframework\spring-aop\6.0.10\spring-aop-6.0.10.jar;C:\Users\ASUSX541U\.m2\repository\org\aspectj\aspectjweaver\1.9.19\aspectjweaver-1.9.19.jar;C:\Users\ASUSX541U\.m2\repository\org\springframework\boot\spring-boot-starter-jdbc\3.1.1\spring-boot-starter-jdbc-3.1.1.jar;C:\Users\ASUSX541U\.m2\repository\com\zaxxer\HikariCP\5.0.1\HikariCP-5.0.1.jar;C:\Users\ASUSX541U\.m2\repository\org\springframework\spring-jdbc\6.0.10\spring-jdbc-6.0.10.jar;C:\Users\ASUSX541U\.m2\repository\org\hibernate\orm\hibernate-core\6.2.5.Final\hibernate-core-6.2.5.Final.jar;C:\Users\ASUSX541U\.m2\repository\jakarta\persistence\jakarta.persistence-api\3.1.0\jakarta.persistence-api-3.1.0.jar;C:\Users\ASUSX541U\.m2\repository\jakarta\transaction\jakarta.transaction-api\2.0.1\jakarta.transaction-api-2.0.1.jar;C:\Users\ASUSX541U\.m2\repository\org\jboss\logging\jboss-logging\3.5.1.Final\jboss-logging-3.5.1.Final.jar;C:\Users\ASUSX541U\.m2\repository\org\hibernate\common\hibernate-commons-annotations\6.0.6.Final\hibernate-commons-annotations-6.0.6.Final.jar;C:\Users\ASUSX541U\.m2\repository\io\smallrye\jandex\3.0.5\jandex-3.0.5.jar;C:\Users\ASUSX541U\.m2\repository\com\fasterxml\classmate\1.5.1\classmate-1.5.1.jar;C:\Users\ASUSX541U\.m2\repository\net\bytebuddy\byte-buddy\1.14.5\byte-buddy-1.14.5.jar;C:\Users\ASUSX541U\.m2\repository\org\glassfish\jaxb\jaxb-runtime\4.0.3\jaxb-runtime-4.0.3.jar;C:\Users\ASUSX541U\.m2\repository\org\glassfish\jaxb\jaxb-core\4.0.3\jaxb-core-4.0.3.jar;C:\Users\ASUSX541U\.m2\repository\org\eclipse\angus\angus-activation\2.0.1\angus-activation-2.0.1.jar;C:\Users\ASUSX541U\.m2\rep
Launcher Type: SUN_STANDARD

[Global flags]
     intx CICompilerCount                          = 3                                         {product} {ergonomic}
     uint ConcGCThreads                            = 1                                         {product} {ergonomic}
     uint G1ConcRefinementThreads                  = 4                                         {product} {ergonomic}
   size_t G1HeapRegionSize                         = 1048576                                   {product} {ergonomic}
    uintx GCDrainStackTargetSize                   = 64                                        {product} {ergonomic}
   size_t InitialHeapSize                          = 134217728                                 {product} {ergonomic}
   size_t MarkStackSize                            = 4194304                                   {product} {ergonomic}
   size_t MaxHeapSize                              = 2118123520                                {product} {ergonomic}
   size_t MaxNewSize                               = 1270874112                                {product} {ergonomic}
   size_t MinHeapDeltaBytes                        = 1048576                                   {product} {ergonomic}
   size_t MinHeapSize                              = 8388608                                   {product} {ergonomic}
    uintx NonNMethodCodeHeapSize                   = 5832780                                {pd product} {ergonomic}
    uintx NonProfiledCodeHeapSize                  = 122912730                              {pd product} {ergonomic}
    uintx ProfiledCodeHeapSize                     = 122912730                              {pd product} {ergonomic}
    uintx ReservedCodeCacheSize                    = 251658240                              {pd product} {ergonomic}
     bool SegmentedCodeCache                       = true                                      {product} {ergonomic}
     bool ShowCodeDetailsInExceptionMessages       = true                                   {manageable} {command line}
   size_t SoftMaxHeapSize                          = 2118123520                             {manageable} {ergonomic}
     bool UseCompressedClassPointers               = true                           {product lp64_product} {ergonomic}
     bool UseCompressedOops                        = true                           {product lp64_product} {ergonomic}
     bool UseG1GC                                  = true                                      {product} {ergonomic}
     bool UseLargePagesIndividualAllocation        = false                                  {pd product} {ergonomic}

Logging:
Log output configuration:
 #0: stdout all=warning uptime,level,tags
 #1: stderr all=off uptime,level,tags

Environment Variables:
PATH=C:/Users/ASUSX541U/.p2/pool/plugins/org.eclipse.justj.openjdk.hotspot.jre.full.win32.x86_64_17.0.1.v20211116-1657/jre/bin/server;C:/Users/ASUSX541U/.p2/pool/plugins/org.eclipse.justj.openjdk.hotspot.jre.full.win32.x86_64_17.0.1.v20211116-1657/jre/bin;C:\ProgramData\Oracle\Java\javapath;C:\Program Files\Eclipse Adoptium\jdk-8.0.322.6-hotspot\bin;C:\oraclexe\app\oracle\product\11.2.0\server\bin;C:\Program Files (x86)\Common Files\Oracle\Java\javapath;C:\Windows\system32;C:\Windows;C:\Windows\System32\Wbem;C:\Windows\System32\WindowsPowerShell\v1.0\;C:\Program Files (x86)\NVIDIA Corporation\PhysX\Common;C:\Program Files (x86)\AOMEI Backupper;C:\TDM-GCC-64\bin;C:\WINDOWS\system32;C:\WINDOWS;C:\WINDOWS\System32\Wbem;C:\WINDOWS\System32\WindowsPowerShell\v1.0\;C:\WINDOWS\System32\OpenSSH\;E:\9raya hhhh\Transmission de donnees\R2014a\runtime\win64;E:\9raya hhhh\Transmission de donnees\R2014a\bin;E:\9raya hhhh\Transmission de donnees\R2014a\polyspace\bin;E:\9raya hhhh\Transmission de donnees\R2014b\runtime\win64;E:\9raya hhhh\Transmission de donnees\R2014b\bin;E:\9raya hhhh\Transmission de donnees\R2014b\polyspace\bin;C:\instantclient_11_2;C:\Program Files\Git\cmd;C:\Program Files\nodejs\;C:\Users\ASUSX541U\AppData\Local\Programs\Python\Python39;C:\OCaml64\usr\local\bin;C:\OCaml64\bin;C:\OCaml64\home\ASUSX541U\.opam\4.14.0+mingw64c\bin;E:\Programs\anaconda3;E:\Programs\anaconda3\Library\mingw-w64\bin;E:\Programs\anaconda3\Library\usr\bin;E:\Programs\anaconda3\Library\bin;E:\Programs\anaconda3\Scripts;C:\Users\ASUSX541U\AppData\Local\Microsoft\WindowsApps;C:\Program Files\CodeBlocks\MinGW\bin;E:\Programs\Microsoft VS Code\bin;E:\wamp64\www;E:\wamp64\bin\php\php7.1.33;C:\Users\ASUSX541U\AppData\Local\ComposerSetup\bin;C:\Users\ASUSX541U\AppData\Roaming\Composer\vendor\bin;C:\Users\ASUSX541U\AppData\Roaming\npm;C:\Program Files\swipl\bin;C:\OCaml64\usr\local\bin;C:\OCaml64\bin;C:\OCaml64\home\ASUSX541U\.opam\4.14.0+mingw64c\bin;;C:\WINDOWS\system32;
USERNAME=ASUSX541U
OS=Windows_NT
PROCESSOR_IDENTIFIER=Intel64 Family 6 Model 142 Stepping 9, GenuineIntel



---------------  S Y S T E M  ---------------

OS:
 Windows 10 , 64 bit Build 19041 (10.0.19041.3155)
OS uptime: 0 days 1:23 hours
Hyper-V role detected

CPU: total 4 (initial active 4) (2 cores per cpu, 2 threads per core) family 6 model 142 stepping 9 microcode 0xb4, cx8, cmov, fxsr, ht, mmx, 3dnowpref, sse, sse2, sse3, ssse3, sse4.1, sse4.2, popcnt, lzcnt, tsc, tscinvbit, avx, avx2, aes, erms, clmul, bmi1, bmi2, adx, fma, vzeroupper, clflush, clflushopt, hv

Memory: 4k page, system-wide physical 8073M (1203M free)
TotalPageFile size 11967M (AvailPageFile size 3M)
current process WorkingSet (physical memory assigned to process): 405M, peak: 410M
current process commit charge ("private bytes"): 510M, peak: 518M

vm_info: OpenJDK 64-Bit Server VM (17.0.1+12) for windows-amd64 JRE (17.0.1+12), built on Oct 20 2021 07:42:55 by "" with MS VC++ 16.7 (VS2019)

END.
