#
# There is insufficient memory for the Java Runtime Environment to continue.
# Native memory allocation (mmap) failed to map 29360128 bytes for G1 virtual space
# Possible reasons:
#   The system is out of physical RAM or swap space
#   The process is running with CompressedOops enabled, and the Java Heap may be blocking the growth of the native heap
# Possible solutions:
#   Reduce memory load on the system
#   Increase physical memory or swap space
#   Check if swap backing store is full
#   Decrease Java heap size (-Xmx/-Xms)
#   Decrease number of Java threads
#   Decrease Java thread stack sizes (-Xss)
#   Set larger code cache with -XX:ReservedCodeCacheSize=
#   JVM is running with Unscaled Compressed Oops mode in which the Java heap is
#     placed in the first 4GB address space. The Java Heap base address is the
#     maximum limit for the native heap growth. Please use -XX:HeapBaseMinAddress
#     to set the Java Heap base and to place the Java Heap above 4GB virtual address.
# This output file may be truncated or incomplete.
#
#  Out of Memory Error (os_windows.cpp:3469), pid=11116, tid=12004
#
# JRE version: OpenJDK Runtime Environment Temurin-17.0.1+12 (17.0.1+12) (build 17.0.1+12)
# Java VM: OpenJDK 64-Bit Server VM Temurin-17.0.1+12 (17.0.1+12, mixed mode, tiered, compressed oops, compressed class ptrs, g1 gc, windows-amd64)
# No core dump will be written. Minidumps are not enabled by default on client versions of Windows
#

---------------  S U M M A R Y ------------

Command Line: -Dfile.encoding=UTF-8 -XX:+ShowCodeDetailsInExceptionMessages must.wikisyllabus.WikiSyllabusApplication

Host: Intel(R) Core(TM) i7-7500U CPU @ 2.70GHz, 4 cores, 7G,  Windows 10 , 64 bit Build 19041 (10.0.19041.3155)
Time: Sat Aug  5 12:45:39 2023 Afr. centrale Ouest elapsed time: 4.334732 seconds (0d 0h 0m 4s)

---------------  T H R E A D  ---------------

Current thread (0x00000273b084b120):  VMThread "VM Thread" [stack: 0x000000eb45800000,0x000000eb45900000] [id=12004]

Stack: [0x000000eb45800000,0x000000eb45900000]
Native frames: (J=compiled Java code, j=interpreted, Vv=VM code, C=native code)
V  [jvm.dll+0x6744da]
V  [jvm.dll+0x82e144]
V  [jvm.dll+0x82f8ee]
V  [jvm.dll+0x82ff53]
V  [jvm.dll+0x245175]
V  [jvm.dll+0x6714c9]
V  [jvm.dll+0x665f92]
V  [jvm.dll+0x303c3b]
V  [jvm.dll+0x30b176]
V  [jvm.dll+0x35af1e]
V  [jvm.dll+0x35b14f]
V  [jvm.dll+0x2dab78]
V  [jvm.dll+0x2d8e2c]
V  [jvm.dll+0x2d83fc]
V  [jvm.dll+0x31c24b]
V  [jvm.dll+0x8343bb]
V  [jvm.dll+0x8350f4]
V  [jvm.dll+0x83560c]
V  [jvm.dll+0x8359e4]
V  [jvm.dll+0x835ab0]
V  [jvm.dll+0x7de51a]
V  [jvm.dll+0x673305]
C  [ucrtbase.dll+0x21bb2]
C  [KERNEL32.DLL+0x17614]
C  [ntdll.dll+0x526b1]

VM_Operation (0x000000eb46afd240): G1CollectForAllocation, mode: safepoint, requested by thread 0x00000273b188a910


---------------  P R O C E S S  ---------------

Threads class SMR info:
_java_thread_list=0x00000273b2faf410, length=15, elements={
0x0000027395270920, 0x00000273b0850190, 0x00000273b0851410, 0x00000273b0878130,
0x00000273b0878bf0, 0x00000273b087b4c0, 0x00000273b08953f0, 0x00000273b089a4f0,
0x00000273b089adf0, 0x00000273b08bdbe0, 0x00000273b1570750, 0x00000273b158ea30,
0x00000273b1a42e90, 0x00000273b29aa300, 0x00000273b188a910
}

Java Threads: ( => current thread )
  0x0000027395270920 JavaThread "main" [_thread_blocked, id=10660, stack(0x000000eb45200000,0x000000eb45300000)]
  0x00000273b0850190 JavaThread "Reference Handler" daemon [_thread_blocked, id=13912, stack(0x000000eb45900000,0x000000eb45a00000)]
  0x00000273b0851410 JavaThread "Finalizer" daemon [_thread_blocked, id=9856, stack(0x000000eb45a00000,0x000000eb45b00000)]
  0x00000273b0878130 JavaThread "Signal Dispatcher" daemon [_thread_blocked, id=4280, stack(0x000000eb45b00000,0x000000eb45c00000)]
  0x00000273b0878bf0 JavaThread "Attach Listener" daemon [_thread_blocked, id=10396, stack(0x000000eb45c00000,0x000000eb45d00000)]
  0x00000273b087b4c0 JavaThread "Service Thread" daemon [_thread_blocked, id=6332, stack(0x000000eb45d00000,0x000000eb45e00000)]
  0x00000273b08953f0 JavaThread "Monitor Deflation Thread" daemon [_thread_blocked, id=12648, stack(0x000000eb45e00000,0x000000eb45f00000)]
  0x00000273b089a4f0 JavaThread "C2 CompilerThread0" daemon [_thread_blocked, id=1496, stack(0x000000eb45f00000,0x000000eb46000000)]
  0x00000273b089adf0 JavaThread "C1 CompilerThread0" daemon [_thread_blocked, id=5084, stack(0x000000eb46000000,0x000000eb46100000)]
  0x00000273b08bdbe0 JavaThread "Sweeper thread" daemon [_thread_blocked, id=6808, stack(0x000000eb46100000,0x000000eb46200000)]
  0x00000273b1570750 JavaThread "Notification Thread" daemon [_thread_blocked, id=6732, stack(0x000000eb46200000,0x000000eb46300000)]
  0x00000273b158ea30 JavaThread "Common-Cleaner" daemon [_thread_blocked, id=13152, stack(0x000000eb46400000,0x000000eb46500000)]
  0x00000273b1a42e90 JavaThread "C2 CompilerThread1" daemon [_thread_blocked, id=9752, stack(0x000000eb46500000,0x000000eb46600000)]
  0x00000273b29aa300 JavaThread "Thread-0" [_thread_blocked, id=5836, stack(0x000000eb46900000,0x000000eb46a00000)]
  0x00000273b188a910 JavaThread "restartedMain" [_thread_blocked, id=11144, stack(0x000000eb46a00000,0x000000eb46b00000)]

Other Threads:
=>0x00000273b084b120 VMThread "VM Thread" [stack: 0x000000eb45800000,0x000000eb45900000] [id=12004]
  0x00000273b14f3a40 WatcherThread [stack: 0x000000eb46300000,0x000000eb46400000] [id=5172]
  0x00000273952ad780 GCTaskThread "GC Thread#0" [stack: 0x000000eb45300000,0x000000eb45400000] [id=6016]
  0x00000273b29e04d0 GCTaskThread "GC Thread#1" [stack: 0x000000eb46600000,0x000000eb46700000] [id=2928]
  0x00000273b29e0780 GCTaskThread "GC Thread#2" [stack: 0x000000eb46700000,0x000000eb46800000] [id=7532]
  0x00000273b1ee58c0 GCTaskThread "GC Thread#3" [stack: 0x000000eb46800000,0x000000eb46900000] [id=14116]
  0x00000273952be250 ConcurrentGCThread "G1 Main Marker" [stack: 0x000000eb45400000,0x000000eb45500000] [id=9184]
  0x00000273952beb70 ConcurrentGCThread "G1 Conc#0" [stack: 0x000000eb45500000,0x000000eb45600000] [id=2316]
  0x000002739533b110 ConcurrentGCThread "G1 Refine#0" [stack: 0x000000eb45600000,0x000000eb45700000] [id=9936]
  0x000002739533bb80 ConcurrentGCThread "G1 Service" [stack: 0x000000eb45700000,0x000000eb45800000] [id=2416]

Threads with active compile tasks:

VM state: at safepoint (normal execution)

VM Mutex/Monitor currently owned by a thread:  ([mutex/lock_event])
[0x000002739526ee20] Threads_lock - owner thread: 0x00000273b084b120
[0x000002739526e9a0] Heap_lock - owner thread: 0x00000273b188a910

Heap address: 0x0000000081c00000, size: 2020 MB, Compressed Oops mode: 32-bit

CDS archive(s) not mapped
Compressed class space mapped at: 0x0000000100000000-0x0000000140000000, reserved size: 1073741824
Narrow klass base: 0x0000000000000000, Narrow klass shift: 3, Narrow klass range: 0x140000000

GC Precious Log:
 CPUs: 4 total, 4 available
 Memory: 8073M
 Large Page Support: Disabled
 NUMA Support: Disabled
 Compressed Oops: Enabled (32-bit)
 Heap Region Size: 1M
 Heap Min Capacity: 8M
 Heap Initial Capacity: 128M
 Heap Max Capacity: 2020M
 Pre-touch: Disabled
 Parallel Workers: 4
 Concurrent Workers: 1
 Concurrent Refinement Workers: 4
 Periodic GC: Disabled

Heap:
 garbage-first heap   total 103424K, used 16785K [0x0000000081c00000, 0x0000000100000000)
  region size 1024K, 1 young (1024K), 1 survivors (1024K)
 Metaspace       used 36062K, committed 36480K, reserved 1081344K
  class space    used 4227K, committed 4416K, reserved 1048576K

Heap Regions: E=young(eden), S=young(survivor), O=old, HS=humongous(starts), HC=humongous(continues), CS=collection set, F=free, OA=open archive, CA=closed archive, TAMS=top-at-mark-start (previous, next)
|   0|0x0000000081c00000, 0x0000000081d00000, 0x0000000081d00000|100%|HS|  |TAMS 0x0000000081d00000, 0x0000000081c00000| Complete 
|   1|0x0000000081d00000, 0x0000000081e00000, 0x0000000081e00000|100%| O|  |TAMS 0x0000000081e00000, 0x0000000081d00000| Untracked 
|   2|0x0000000081e00000, 0x0000000081f00000, 0x0000000081f00000|100%| O|  |TAMS 0x0000000081f00000, 0x0000000081e00000| Untracked 
|   3|0x0000000081f00000, 0x0000000082000000, 0x0000000082000000|100%| O|  |TAMS 0x0000000082000000, 0x0000000081f00000| Untracked 
|   4|0x0000000082000000, 0x0000000082100000, 0x0000000082100000|100%| O|  |TAMS 0x0000000082100000, 0x0000000082000000| Untracked 
|   5|0x0000000082100000, 0x0000000082200000, 0x0000000082200000|100%| O|  |TAMS 0x0000000082100000, 0x0000000082100000| Untracked 
|   6|0x0000000082200000, 0x0000000082300000, 0x0000000082300000|100%| O|  |TAMS 0x0000000082300000, 0x0000000082200000| Untracked 
|   7|0x0000000082300000, 0x0000000082400000, 0x0000000082400000|100%| O|  |TAMS 0x0000000082400000, 0x0000000082300000| Untracked 
|   8|0x0000000082400000, 0x0000000082500000, 0x0000000082500000|100%| O|  |TAMS 0x0000000082500000, 0x0000000082400000| Untracked 
|   9|0x0000000082500000, 0x0000000082600000, 0x0000000082600000|100%| O|  |TAMS 0x0000000082600000, 0x0000000082500000| Untracked 
|  10|0x0000000082600000, 0x0000000082600000, 0x0000000082700000|  0%| F|  |TAMS 0x0000000082600000, 0x0000000082600000| Untracked 
|  11|0x0000000082700000, 0x0000000082800000, 0x0000000082800000|100%| O|  |TAMS 0x0000000082700000, 0x0000000082700000| Untracked 
|  12|0x0000000082800000, 0x0000000082800000, 0x0000000082900000|  0%| F|  |TAMS 0x0000000082800000, 0x0000000082800000| Untracked 
|  13|0x0000000082900000, 0x0000000082900000, 0x0000000082a00000|  0%| F|  |TAMS 0x0000000082900000, 0x0000000082900000| Untracked 
|  14|0x0000000082a00000, 0x0000000082a00000, 0x0000000082b00000|  0%| F|  |TAMS 0x0000000082a00000, 0x0000000082a00000| Untracked 
|  15|0x0000000082b00000, 0x0000000082b00000, 0x0000000082c00000|  0%| F|  |TAMS 0x0000000082b00000, 0x0000000082b00000| Untracked 
|  16|0x0000000082c00000, 0x0000000082c00000, 0x0000000082d00000|  0%| F|  |TAMS 0x0000000082c00000, 0x0000000082c00000| Untracked 
|  17|0x0000000082d00000, 0x0000000082e00000, 0x0000000082e00000|100%| O|  |TAMS 0x0000000082d00000, 0x0000000082d00000| Untracked 
|  18|0x0000000082e00000, 0x0000000082f00000, 0x0000000082f00000|100%| O|  |TAMS 0x0000000082e00000, 0x0000000082e00000| Untracked 
|  19|0x0000000082f00000, 0x0000000083000000, 0x0000000083000000|100%| O|  |TAMS 0x0000000082f00000, 0x0000000082f00000| Untracked 
|  20|0x0000000083000000, 0x0000000083100000, 0x0000000083100000|100%| O|  |TAMS 0x0000000083000000, 0x0000000083000000| Untracked 
|  21|0x0000000083100000, 0x000000008314d200, 0x0000000083200000| 30%| O|  |TAMS 0x0000000083100000, 0x0000000083100000| Untracked 
|  22|0x0000000083200000, 0x0000000083200000, 0x0000000083300000|  0%| F|  |TAMS 0x0000000083200000, 0x0000000083200000| Untracked 
|  23|0x0000000083300000, 0x0000000083300000, 0x0000000083400000|  0%| F|  |TAMS 0x0000000083300000, 0x0000000083300000| Untracked 
|  24|0x0000000083400000, 0x0000000083400000, 0x0000000083500000|  0%| F|  |TAMS 0x0000000083400000, 0x0000000083400000| Untracked 
|  25|0x0000000083500000, 0x0000000083500000, 0x0000000083600000|  0%| F|  |TAMS 0x0000000083500000, 0x0000000083500000| Untracked 
|  26|0x0000000083600000, 0x0000000083600000, 0x0000000083700000|  0%| F|  |TAMS 0x0000000083600000, 0x0000000083600000| Untracked 
|  27|0x0000000083700000, 0x0000000083700000, 0x0000000083800000|  0%| F|  |TAMS 0x0000000083700000, 0x0000000083700000| Untracked 
|  28|0x0000000083800000, 0x0000000083817598, 0x0000000083900000|  9%| S|CS|TAMS 0x0000000083800000, 0x0000000083800000| Complete 
|  29|0x0000000083900000, 0x0000000083900000, 0x0000000083a00000|  0%| F|  |TAMS 0x0000000083900000, 0x0000000083900000| Untracked 
|  30|0x0000000083a00000, 0x0000000083a00000, 0x0000000083b00000|  0%| F|  |TAMS 0x0000000083a00000, 0x0000000083a00000| Untracked 
|  31|0x0000000083b00000, 0x0000000083b00000, 0x0000000083c00000|  0%| F|  |TAMS 0x0000000083b00000, 0x0000000083b00000| Untracked 
|  32|0x0000000083c00000, 0x0000000083c00000, 0x0000000083d00000|  0%| F|  |TAMS 0x0000000083c00000, 0x0000000083c00000| Untracked 
|  33|0x0000000083d00000, 0x0000000083d00000, 0x0000000083e00000|  0%| F|  |TAMS 0x0000000083d00000, 0x0000000083d00000| Untracked 
|  34|0x0000000083e00000, 0x0000000083e00000, 0x0000000083f00000|  0%| F|  |TAMS 0x0000000083e00000, 0x0000000083e00000| Untracked 
|  35|0x0000000083f00000, 0x0000000083f00000, 0x0000000084000000|  0%| F|  |TAMS 0x0000000083f00000, 0x0000000083f00000| Untracked 
|  36|0x0000000084000000, 0x0000000084000000, 0x0000000084100000|  0%| F|  |TAMS 0x0000000084000000, 0x0000000084000000| Untracked 
|  37|0x0000000084100000, 0x0000000084100000, 0x0000000084200000|  0%| F|  |TAMS 0x0000000084100000, 0x0000000084100000| Untracked 
|  38|0x0000000084200000, 0x0000000084200000, 0x0000000084300000|  0%| F|  |TAMS 0x0000000084200000, 0x0000000084200000| Untracked 
|  39|0x0000000084300000, 0x0000000084300000, 0x0000000084400000|  0%| F|  |TAMS 0x0000000084300000, 0x0000000084300000| Untracked 
|  40|0x0000000084400000, 0x0000000084400000, 0x0000000084500000|  0%| F|  |TAMS 0x0000000084400000, 0x0000000084400000| Untracked 
|  41|0x0000000084500000, 0x0000000084500000, 0x0000000084600000|  0%| F|  |TAMS 0x0000000084500000, 0x0000000084500000| Untracked 
|  42|0x0000000084600000, 0x0000000084600000, 0x0000000084700000|  0%| F|  |TAMS 0x0000000084600000, 0x0000000084600000| Untracked 
|  43|0x0000000084700000, 0x0000000084700000, 0x0000000084800000|  0%| F|  |TAMS 0x0000000084700000, 0x0000000084700000| Untracked 
|  44|0x0000000084800000, 0x0000000084800000, 0x0000000084900000|  0%| F|  |TAMS 0x0000000084800000, 0x0000000084800000| Untracked 
|  45|0x0000000084900000, 0x0000000084900000, 0x0000000084a00000|  0%| F|  |TAMS 0x0000000084900000, 0x0000000084900000| Untracked 
|  46|0x0000000084a00000, 0x0000000084a00000, 0x0000000084b00000|  0%| F|  |TAMS 0x0000000084a00000, 0x0000000084a00000| Untracked 
|  47|0x0000000084b00000, 0x0000000084b00000, 0x0000000084c00000|  0%| F|  |TAMS 0x0000000084b00000, 0x0000000084b00000| Untracked 
|  48|0x0000000084c00000, 0x0000000084c00000, 0x0000000084d00000|  0%| F|  |TAMS 0x0000000084c00000, 0x0000000084c00000| Untracked 
|  49|0x0000000084d00000, 0x0000000084d00000, 0x0000000084e00000|  0%| F|  |TAMS 0x0000000084d00000, 0x0000000084d00000| Untracked 
|  50|0x0000000084e00000, 0x0000000084e00000, 0x0000000084f00000|  0%| F|  |TAMS 0x0000000084e00000, 0x0000000084e00000| Untracked 
|  51|0x0000000084f00000, 0x0000000084f00000, 0x0000000085000000|  0%| F|  |TAMS 0x0000000084f00000, 0x0000000084f00000| Untracked 
|  52|0x0000000085000000, 0x0000000085000000, 0x0000000085100000|  0%| F|  |TAMS 0x0000000085000000, 0x0000000085000000| Untracked 
|  53|0x0000000085100000, 0x0000000085100000, 0x0000000085200000|  0%| F|  |TAMS 0x0000000085100000, 0x0000000085100000| Untracked 
|  54|0x0000000085200000, 0x0000000085200000, 0x0000000085300000|  0%| F|  |TAMS 0x0000000085200000, 0x0000000085200000| Untracked 
|  55|0x0000000085300000, 0x0000000085300000, 0x0000000085400000|  0%| F|  |TAMS 0x0000000085300000, 0x0000000085300000| Untracked 
|  56|0x0000000085400000, 0x0000000085400000, 0x0000000085500000|  0%| F|  |TAMS 0x0000000085400000, 0x0000000085400000| Untracked 
|  57|0x0000000085500000, 0x0000000085500000, 0x0000000085600000|  0%| F|  |TAMS 0x0000000085500000, 0x0000000085500000| Untracked 
|  58|0x0000000085600000, 0x0000000085600000, 0x0000000085700000|  0%| F|  |TAMS 0x0000000085600000, 0x0000000085600000| Untracked 
|  59|0x0000000085700000, 0x0000000085700000, 0x0000000085800000|  0%| F|  |TAMS 0x0000000085700000, 0x0000000085700000| Untracked 
|  60|0x0000000085800000, 0x0000000085800000, 0x0000000085900000|  0%| F|  |TAMS 0x0000000085800000, 0x0000000085800000| Untracked 
|  61|0x0000000085900000, 0x0000000085900000, 0x0000000085a00000|  0%| F|  |TAMS 0x0000000085900000, 0x0000000085900000| Untracked 
|  62|0x0000000085a00000, 0x0000000085a00000, 0x0000000085b00000|  0%| F|  |TAMS 0x0000000085a00000, 0x0000000085a00000| Untracked 
|  63|0x0000000085b00000, 0x0000000085b00000, 0x0000000085c00000|  0%| F|  |TAMS 0x0000000085b00000, 0x0000000085b00000| Untracked 
|  64|0x0000000085c00000, 0x0000000085c00000, 0x0000000085d00000|  0%| F|  |TAMS 0x0000000085c00000, 0x0000000085c00000| Untracked 
|  65|0x0000000085d00000, 0x0000000085d00000, 0x0000000085e00000|  0%| F|  |TAMS 0x0000000085d00000, 0x0000000085d00000| Untracked 
|  66|0x0000000085e00000, 0x0000000085e00000, 0x0000000085f00000|  0%| F|  |TAMS 0x0000000085e00000, 0x0000000085e00000| Untracked 
|  67|0x0000000085f00000, 0x0000000085f00000, 0x0000000086000000|  0%| F|  |TAMS 0x0000000085f00000, 0x0000000085f00000| Untracked 
|  68|0x0000000086000000, 0x0000000086000000, 0x0000000086100000|  0%| F|  |TAMS 0x0000000086000000, 0x0000000086000000| Untracked 
|  69|0x0000000086100000, 0x0000000086100000, 0x0000000086200000|  0%| F|  |TAMS 0x0000000086100000, 0x0000000086100000| Untracked 
|  70|0x0000000086200000, 0x0000000086200000, 0x0000000086300000|  0%| F|  |TAMS 0x0000000086200000, 0x0000000086200000| Untracked 
|  71|0x0000000086300000, 0x0000000086300000, 0x0000000086400000|  0%| F|  |TAMS 0x0000000086300000, 0x0000000086300000| Untracked 
|  72|0x0000000086400000, 0x0000000086400000, 0x0000000086500000|  0%| F|  |TAMS 0x0000000086400000, 0x0000000086400000| Untracked 
|  73|0x0000000086500000, 0x0000000086500000, 0x0000000086600000|  0%| F|  |TAMS 0x0000000086500000, 0x0000000086500000| Untracked 
|  74|0x0000000086600000, 0x0000000086600000, 0x0000000086700000|  0%| F|  |TAMS 0x0000000086600000, 0x0000000086600000| Untracked 
|  75|0x0000000086700000, 0x0000000086700000, 0x0000000086800000|  0%| F|  |TAMS 0x0000000086700000, 0x0000000086700000| Untracked 
|  76|0x0000000086800000, 0x0000000086800000, 0x0000000086900000|  0%| F|  |TAMS 0x0000000086800000, 0x0000000086800000| Untracked 
|  77|0x0000000086900000, 0x0000000086900000, 0x0000000086a00000|  0%| F|  |TAMS 0x0000000086900000, 0x0000000086900000| Untracked 
|  78|0x0000000086a00000, 0x0000000086a00000, 0x0000000086b00000|  0%| F|  |TAMS 0x0000000086a00000, 0x0000000086a00000| Untracked 
|  79|0x0000000086b00000, 0x0000000086b00000, 0x0000000086c00000|  0%| F|  |TAMS 0x0000000086b00000, 0x0000000086b00000| Untracked 
|  80|0x0000000086c00000, 0x0000000086c00000, 0x0000000086d00000|  0%| F|  |TAMS 0x0000000086c00000, 0x0000000086c00000| Untracked 
|  81|0x0000000086d00000, 0x0000000086d00000, 0x0000000086e00000|  0%| F|  |TAMS 0x0000000086d00000, 0x0000000086d00000| Untracked 
|  82|0x0000000086e00000, 0x0000000086e00000, 0x0000000086f00000|  0%| F|  |TAMS 0x0000000086e00000, 0x0000000086e00000| Untracked 
|  83|0x0000000086f00000, 0x0000000086f00000, 0x0000000087000000|  0%| F|  |TAMS 0x0000000086f00000, 0x0000000086f00000| Untracked 
|  84|0x0000000087000000, 0x0000000087000000, 0x0000000087100000|  0%| F|  |TAMS 0x0000000087000000, 0x0000000087000000| Untracked 
|  85|0x0000000087100000, 0x0000000087100000, 0x0000000087200000|  0%| F|  |TAMS 0x0000000087100000, 0x0000000087100000| Untracked 
|  86|0x0000000087200000, 0x0000000087200000, 0x0000000087300000|  0%| F|  |TAMS 0x0000000087200000, 0x0000000087200000| Untracked 
|  87|0x0000000087300000, 0x0000000087300000, 0x0000000087400000|  0%| F|  |TAMS 0x0000000087300000, 0x0000000087300000| Untracked 
|  88|0x0000000087400000, 0x0000000087400000, 0x0000000087500000|  0%| F|  |TAMS 0x0000000087400000, 0x0000000087400000| Untracked 
|  89|0x0000000087500000, 0x0000000087500000, 0x0000000087600000|  0%| F|  |TAMS 0x0000000087500000, 0x0000000087500000| Untracked 
|  90|0x0000000087600000, 0x0000000087600000, 0x0000000087700000|  0%| F|  |TAMS 0x0000000087600000, 0x0000000087600000| Untracked 
|  91|0x0000000087700000, 0x0000000087700000, 0x0000000087800000|  0%| F|  |TAMS 0x0000000087700000, 0x0000000087700000| Untracked 
|  92|0x0000000087800000, 0x0000000087800000, 0x0000000087900000|  0%| F|  |TAMS 0x0000000087800000, 0x0000000087800000| Untracked 
|  93|0x0000000087900000, 0x0000000087900000, 0x0000000087a00000|  0%| F|  |TAMS 0x0000000087900000, 0x0000000087900000| Untracked 
|  94|0x0000000087a00000, 0x0000000087a00000, 0x0000000087b00000|  0%| F|  |TAMS 0x0000000087a00000, 0x0000000087a00000| Untracked 
|  95|0x0000000087b00000, 0x0000000087b00000, 0x0000000087c00000|  0%| F|  |TAMS 0x0000000087b00000, 0x0000000087b00000| Untracked 
|  96|0x0000000087c00000, 0x0000000087c00000, 0x0000000087d00000|  0%| F|  |TAMS 0x0000000087c00000, 0x0000000087c00000| Untracked 
|  97|0x0000000087d00000, 0x0000000087d00000, 0x0000000087e00000|  0%| F|  |TAMS 0x0000000087d00000, 0x0000000087d00000| Untracked 
|  98|0x0000000087e00000, 0x0000000087e00000, 0x0000000087f00000|  0%| F|  |TAMS 0x0000000087e00000, 0x0000000087e00000| Untracked 
| 127|0x0000000089b00000, 0x0000000089b00000, 0x0000000089c00000|  0%| F|  |TAMS 0x0000000089b00000, 0x0000000089b00000| Untracked 
|2019|0x00000000fff00000, 0x0000000100000000, 0x0000000100000000|100%| O|  |TAMS 0x00000000fff00000, 0x00000000fff00000| Untracked 

Card table byte_map: [0x00000273a9b10000,0x00000273a9f10000] _byte_map_base: 0x00000273a9702000

Marking Bits (Prev, Next): (CMBitMap*) 0x00000273952adca0, (CMBitMap*) 0x00000273952adce0
 Prev Bits: [0x00000273aa310000, 0x00000273ac2a0000)
 Next Bits: [0x00000273ac2a0000, 0x00000273ae230000)

Polling page: 0x000002739a0c0000

Metaspace:

Usage:
  Non-class:     31.09 MB used.
      Class:      4.13 MB used.
       Both:     35.22 MB used.

Virtual space:
  Non-class space:       32.00 MB reserved,      31.31 MB ( 98%) committed,  4 nodes.
      Class space:        1.00 GB reserved,       4.31 MB ( <1%) committed,  1 nodes.
             Both:        1.03 GB reserved,      35.62 MB (  3%) committed. 

Chunk freelists:
   Non-Class:  304.00 KB
       Class:  3.70 MB
        Both:  4.00 MB

MaxMetaspaceSize: unlimited
CompressedClassSpaceSize: 1.00 GB
Initial GC threshold: 21.00 MB
Current GC threshold: 59.00 MB
CDS: off
MetaspaceReclaimPolicy: balanced
 - commit_granule_bytes: 65536.
 - commit_granule_words: 8192.
 - virtual_space_node_default_size: 1048576.
 - enlarge_chunks_in_place: 1.
 - new_chunks_are_fully_committed: 0.
 - uncommit_free_chunks: 1.
 - use_allocation_guard: 0.
 - handle_deallocations: 1.


Internal statistics:

num_allocs_failed_limit: 6.
num_arena_births: 428.
num_arena_deaths: 0.
num_vsnodes_births: 5.
num_vsnodes_deaths: 0.
num_space_committed: 570.
num_space_uncommitted: 0.
num_chunks_returned_to_freelist: 6.
num_chunks_taken_from_freelist: 1397.
num_chunk_merges: 6.
num_chunk_splits: 959.
num_chunks_enlarged: 702.
num_purges: 0.
num_inconsistent_stats: 0.

CodeHeap 'non-profiled nmethods': size=120000Kb used=1885Kb max_used=1885Kb free=118114Kb
 bounds [0x00000273a1bb0000, 0x00000273a1e20000, 0x00000273a90e0000]
CodeHeap 'profiled nmethods': size=120000Kb used=7932Kb max_used=7932Kb free=112067Kb
 bounds [0x000002739a680000, 0x000002739ae40000, 0x00000273a1bb0000]
CodeHeap 'non-nmethods': size=5760Kb used=1203Kb max_used=1292Kb free=4556Kb
 bounds [0x000002739a0e0000, 0x000002739a350000, 0x000002739a680000]
 total_blobs=4235 nmethods=3734 adapters=413
 compilation: enabled
              stopped_count=0, restarted_count=0
 full_count=0

Compilation events (20 events):
Event: 4.257 Thread 0x00000273b089adf0 3741       3       java.lang.Integer::hashCode (2 bytes)
Event: 4.257 Thread 0x00000273b089adf0 nmethod 3741 0x000002739ae3b790 code [0x000002739ae3b920, 0x000002739ae3ba18]
Event: 4.257 Thread 0x00000273b089adf0 3742       3       java.util.HashMap::put (13 bytes)
Event: 4.257 Thread 0x00000273b089adf0 nmethod 3742 0x000002739ae3ba90 code [0x000002739ae3bc40, 0x000002739ae3bf38]
Event: 4.258 Thread 0x00000273b089adf0 3743  s    3       java.io.ByteArrayOutputStream::write (43 bytes)
Event: 4.258 Thread 0x00000273b089adf0 nmethod 3743 0x000002739ae3c090 code [0x000002739ae3c260, 0x000002739ae3c708]
Event: 4.262 Thread 0x00000273b089a4f0 3744       4       java.nio.ByteBuffer::position (8 bytes)
Event: 4.262 Thread 0x00000273b089a4f0 nmethod 3744 0x00000273a1d86c10 code [0x00000273a1d86d80, 0x00000273a1d86e58]
Event: 4.262 Thread 0x00000273b089adf0 3745       3       java.nio.HeapByteBuffer::getInt (29 bytes)
Event: 4.263 Thread 0x00000273b089adf0 nmethod 3745 0x000002739ae3c910 code [0x000002739ae3cb60, 0x000002739ae3d548]
Event: 4.263 Thread 0x00000273b089adf0 3746   !   3       jdk.internal.misc.ScopedMemoryAccess::getIntUnaligned (22 bytes)
Event: 4.264 Thread 0x00000273b089adf0 nmethod 3746 0x000002739ae3d990 code [0x000002739ae3db80, 0x000002739ae3e148]
Event: 4.264 Thread 0x00000273b089adf0 3747       3       java.security.Provider$UString::hashCode (8 bytes)
Event: 4.264 Thread 0x00000273b089adf0 nmethod 3747 0x000002739ae3e410 code [0x000002739ae3e5c0, 0x000002739ae3e708]
Event: 4.265 Thread 0x00000273b089adf0 3748       3       java.util.Collections$3::hasMoreElements (10 bytes)
Event: 4.265 Thread 0x00000273b089adf0 nmethod 3748 0x000002739ae3e810 code [0x000002739ae3e9c0, 0x000002739ae3eb88]
Event: 4.265 Thread 0x00000273b089adf0 3749       3       java.util.Collections$3::nextElement (10 bytes)
Event: 4.265 Thread 0x00000273b089adf0 nmethod 3749 0x000002739ae3ec90 code [0x000002739ae3ee40, 0x000002739ae3f008]
Event: 4.269 Thread 0x00000273b1a42e90 3750 %     4       java.util.jar.JarFile::match @ 14 (132 bytes)
Event: 4.273 Thread 0x00000273b1a42e90 nmethod 3750% 0x00000273a1d86f10 code [0x00000273a1d870a0, 0x00000273a1d87498]

GC Heap History (20 events):
Event: 0.924 GC heap after
{Heap after GC invocations=4 (full 0):
 garbage-first heap   total 131072K, used 6697K [0x0000000081c00000, 0x0000000100000000)
  region size 1024K, 1 young (1024K), 1 survivors (1024K)
 Metaspace       used 12791K, committed 12928K, reserved 1064960K
  class space    used 1266K, committed 1344K, reserved 1048576K
}
Event: 1.531 GC heap before
{Heap before GC invocations=4 (full 0):
 garbage-first heap   total 131072K, used 34345K [0x0000000081c00000, 0x0000000100000000)
  region size 1024K, 30 young (30720K), 1 survivors (1024K)
 Metaspace       used 21300K, committed 21504K, reserved 1073152K
  class space    used 2258K, committed 2368K, reserved 1048576K
}
Event: 1.536 GC heap after
{Heap after GC invocations=5 (full 0):
 garbage-first heap   total 131072K, used 9195K [0x0000000081c00000, 0x0000000100000000)
  region size 1024K, 4 young (4096K), 4 survivors (4096K)
 Metaspace       used 21300K, committed 21504K, reserved 1073152K
  class space    used 2258K, committed 2368K, reserved 1048576K
}
Event: 1.905 GC heap before
{Heap before GC invocations=6 (full 0):
 garbage-first heap   total 37888K, used 27627K [0x0000000081c00000, 0x0000000100000000)
  region size 1024K, 22 young (22528K), 4 survivors (4096K)
 Metaspace       used 24626K, committed 24896K, reserved 1073152K
  class space    used 2725K, committed 2880K, reserved 1048576K
}
Event: 1.911 GC heap after
{Heap after GC invocations=7 (full 0):
 garbage-first heap   total 37888K, used 10619K [0x0000000081c00000, 0x0000000100000000)
  region size 1024K, 2 young (2048K), 2 survivors (2048K)
 Metaspace       used 24626K, committed 24896K, reserved 1073152K
  class space    used 2725K, committed 2880K, reserved 1048576K
}
Event: 1.912 GC heap before
{Heap before GC invocations=7 (full 0):
 garbage-first heap   total 37888K, used 11643K [0x0000000081c00000, 0x0000000100000000)
  region size 1024K, 3 young (3072K), 2 survivors (2048K)
 Metaspace       used 24626K, committed 24896K, reserved 1073152K
  class space    used 2725K, committed 2880K, reserved 1048576K
}
Event: 1.915 GC heap after
{Heap after GC invocations=8 (full 0):
 garbage-first heap   total 37888K, used 10362K [0x0000000081c00000, 0x0000000100000000)
  region size 1024K, 1 young (1024K), 1 survivors (1024K)
 Metaspace       used 24626K, committed 24896K, reserved 1073152K
  class space    used 2725K, committed 2880K, reserved 1048576K
}
Event: 1.918 GC heap before
{Heap before GC invocations=8 (full 0):
 garbage-first heap   total 37888K, used 24698K [0x0000000081c00000, 0x0000000100000000)
  region size 1024K, 16 young (16384K), 1 survivors (1024K)
 Metaspace       used 24626K, committed 24896K, reserved 1073152K
  class space    used 2725K, committed 2880K, reserved 1048576K
}
Event: 1.919 GC heap after
{Heap after GC invocations=9 (full 0):
 garbage-first heap   total 102400K, used 10393K [0x0000000081c00000, 0x0000000100000000)
  region size 1024K, 1 young (1024K), 1 survivors (1024K)
 Metaspace       used 24626K, committed 24896K, reserved 1073152K
  class space    used 2725K, committed 2880K, reserved 1048576K
}
Event: 1.958 GC heap before
{Heap before GC invocations=9 (full 0):
 garbage-first heap   total 102400K, used 69785K [0x0000000081c00000, 0x0000000100000000)
  region size 1024K, 60 young (61440K), 1 survivors (1024K)
 Metaspace       used 24626K, committed 24896K, reserved 1073152K
  class space    used 2725K, committed 2880K, reserved 1048576K
}
Event: 1.959 GC heap after
{Heap after GC invocations=10 (full 0):
 garbage-first heap   total 102400K, used 10445K [0x0000000081c00000, 0x0000000100000000)
  region size 1024K, 1 young (1024K), 1 survivors (1024K)
 Metaspace       used 24626K, committed 24896K, reserved 1073152K
  class space    used 2725K, committed 2880K, reserved 1048576K
}
Event: 2.908 GC heap before
{Heap before GC invocations=10 (full 0):
 garbage-first heap   total 102400K, used 69837K [0x0000000081c00000, 0x0000000100000000)
  region size 1024K, 60 young (61440K), 1 survivors (1024K)
 Metaspace       used 28568K, committed 28800K, reserved 1081344K
  class space    used 3204K, committed 3328K, reserved 1048576K
}
Event: 2.913 GC heap after
{Heap after GC invocations=11 (full 0):
 garbage-first heap   total 102400K, used 13004K [0x0000000081c00000, 0x0000000100000000)
  region size 1024K, 3 young (3072K), 3 survivors (3072K)
 Metaspace       used 28568K, committed 28800K, reserved 1081344K
  class space    used 3204K, committed 3328K, reserved 1048576K
}
Event: 4.205 GC heap before
{Heap before GC invocations=11 (full 0):
 garbage-first heap   total 102400K, used 50892K [0x0000000081c00000, 0x0000000100000000)
  region size 1024K, 41 young (41984K), 3 survivors (3072K)
 Metaspace       used 35603K, committed 35968K, reserved 1081344K
  class space    used 4167K, committed 4352K, reserved 1048576K
}
Event: 4.211 GC heap after
{Heap after GC invocations=12 (full 0):
 garbage-first heap   total 102400K, used 16853K [0x0000000081c00000, 0x0000000100000000)
  region size 1024K, 7 young (7168K), 7 survivors (7168K)
 Metaspace       used 35603K, committed 35968K, reserved 1081344K
  class space    used 4167K, committed 4352K, reserved 1048576K
}
Event: 4.276 GC heap before
{Heap before GC invocations=13 (full 0):
 garbage-first heap   total 61440K, used 51564K [0x0000000081c00000, 0x0000000100000000)
  region size 1024K, 43 young (44032K), 7 survivors (7168K)
 Metaspace       used 36062K, committed 36480K, reserved 1081344K
  class space    used 4227K, committed 4416K, reserved 1048576K
}
Event: 4.283 GC heap after
{Heap after GC invocations=14 (full 0):
 garbage-first heap   total 62464K, used 17128K [0x0000000081c00000, 0x0000000100000000)
  region size 1024K, 5 young (5120K), 5 survivors (5120K)
 Metaspace       used 36062K, committed 36480K, reserved 1081344K
  class space    used 4227K, committed 4416K, reserved 1048576K
}
Event: 4.283 GC heap before
{Heap before GC invocations=14 (full 0):
 garbage-first heap   total 62464K, used 18152K [0x0000000081c00000, 0x0000000100000000)
  region size 1024K, 7 young (7168K), 5 survivors (5120K)
 Metaspace       used 36062K, committed 36480K, reserved 1081344K
  class space    used 4227K, committed 4416K, reserved 1048576K
}
Event: 4.288 GC heap after
{Heap after GC invocations=15 (full 0):
 garbage-first heap   total 62464K, used 16761K [0x0000000081c00000, 0x0000000100000000)
  region size 1024K, 1 young (1024K), 1 survivors (1024K)
 Metaspace       used 36062K, committed 36480K, reserved 1081344K
  class space    used 4227K, committed 4416K, reserved 1048576K
}
Event: 4.292 GC heap before
{Heap before GC invocations=15 (full 0):
 garbage-first heap   total 62464K, used 46457K [0x0000000081c00000, 0x0000000100000000)
  region size 1024K, 31 young (31744K), 1 survivors (1024K)
 Metaspace       used 36062K, committed 36480K, reserved 1081344K
  class space    used 4227K, committed 4416K, reserved 1048576K
}

Deoptimization events (20 events):
Event: 4.176 Thread 0x00000273b188a910 DEOPT PACKING pc=0x000002739ae2c34e sp=0x000000eb46afcdb0
Event: 4.176 Thread 0x00000273b188a910 DEOPT UNPACKING pc=0x000002739a132b43 sp=0x000000eb46afc278 mode 0
Event: 4.176 Thread 0x00000273b188a910 DEOPT PACKING pc=0x000002739ad85d59 sp=0x000000eb46afcd80
Event: 4.176 Thread 0x00000273b188a910 DEOPT UNPACKING pc=0x000002739a132b43 sp=0x000000eb46afc270 mode 0
Event: 4.180 Thread 0x00000273b188a910 Uncommon trap: trap_request=0xffffff45 fr.pc=0x00000273a1d6b6f4 relative=0x0000000000000074
Event: 4.180 Thread 0x00000273b188a910 Uncommon trap: reason=unstable_if action=reinterpret pc=0x00000273a1d6b6f4 method=jdk.internal.misc.Unsafe.convEndian(ZI)I @ 4 c2
Event: 4.180 Thread 0x00000273b188a910 DEOPT PACKING pc=0x00000273a1d6b6f4 sp=0x000000eb46af9950
Event: 4.180 Thread 0x00000273b188a910 DEOPT UNPACKING pc=0x000002739a1323a3 sp=0x000000eb46af9880 mode 2
Event: 4.184 Thread 0x00000273b188a910 DEOPT PACKING pc=0x000002739ae2c34e sp=0x000000eb46afcda0
Event: 4.184 Thread 0x00000273b188a910 DEOPT UNPACKING pc=0x000002739a132b43 sp=0x000000eb46afc268 mode 0
Event: 4.217 Thread 0x00000273b188a910 DEOPT PACKING pc=0x000002739ae2c34e sp=0x000000eb46afcfe0
Event: 4.217 Thread 0x00000273b188a910 DEOPT UNPACKING pc=0x000002739a132b43 sp=0x000000eb46afc4a8 mode 0
Event: 4.217 Thread 0x00000273b188a910 DEOPT PACKING pc=0x000002739ad85d59 sp=0x000000eb46afcfb0
Event: 4.217 Thread 0x00000273b188a910 DEOPT UNPACKING pc=0x000002739a132b43 sp=0x000000eb46afc4a0 mode 0
Event: 4.229 Thread 0x00000273b188a910 DEOPT PACKING pc=0x000002739ae2c34e sp=0x000000eb46afcd30
Event: 4.229 Thread 0x00000273b188a910 DEOPT UNPACKING pc=0x000002739a132b43 sp=0x000000eb46afc1f8 mode 0
Event: 4.257 Thread 0x00000273b188a910 Uncommon trap: trap_request=0xffffff45 fr.pc=0x00000273a1d4b1d4 relative=0x00000000000001f4
Event: 4.257 Thread 0x00000273b188a910 Uncommon trap: reason=unstable_if action=reinterpret pc=0x00000273a1d4b1d4 method=java.util.HashMap.putVal(ILjava/lang/Object;Ljava/lang/Object;ZZ)Ljava/lang/Object; @ 162 c2
Event: 4.257 Thread 0x00000273b188a910 DEOPT PACKING pc=0x00000273a1d4b1d4 sp=0x000000eb46afc200
Event: 4.257 Thread 0x00000273b188a910 DEOPT UNPACKING pc=0x000002739a1323a3 sp=0x000000eb46afc128 mode 2

Classes unloaded (0 events):
No events

Classes redefined (0 events):
No events

Internal exceptions (20 events):
Event: 3.411 Thread 0x00000273b188a910 Exception <a 'java/lang/NoClassDefFoundError'{0x00000000870ef260}: org/flywaydb/core/Flyway> (0x00000000870ef260) 
thrown [e:\jenkins\tmp\workspace\build\src\src\hotspot\share\classfile\systemDictionary.cpp, line 245]
Event: 3.411 Thread 0x00000273b188a910 Exception <a 'java/lang/NoClassDefFoundError'{0x00000000870f0868}: liquibase/integration/spring/SpringLiquibase> (0x00000000870f0868) 
thrown [e:\jenkins\tmp\workspace\build\src\src\hotspot\share\classfile\systemDictionary.cpp, line 245]
Event: 3.484 Thread 0x00000273b188a910 Exception <a 'java/lang/NoClassDefFoundError'{0x0000000086d6c0e8}: org/jooq/DSLContext> (0x0000000086d6c0e8) 
thrown [e:\jenkins\tmp\workspace\build\src\src\hotspot\share\classfile\systemDictionary.cpp, line 245]
Event: 3.485 Thread 0x00000273b188a910 Exception <a 'java/lang/NoClassDefFoundError'{0x0000000086d822c0}: org/springframework/batch/core/repository/JobRepository> (0x0000000086d822c0) 
thrown [e:\jenkins\tmp\workspace\build\src\src\hotspot\share\classfile\systemDictionary.cpp, line 245]
Event: 3.485 Thread 0x00000273b188a910 Exception <a 'java/lang/NoClassDefFoundError'{0x0000000086d83658}: org/quartz/Scheduler> (0x0000000086d83658) 
thrown [e:\jenkins\tmp\workspace\build\src\src\hotspot\share\classfile\systemDictionary.cpp, line 245]
Event: 3.485 Thread 0x00000273b188a910 Exception <a 'java/lang/NoClassDefFoundError'{0x0000000086d84db0}: org/springframework/session/jdbc/JdbcIndexedSessionRepository> (0x0000000086d84db0) 
thrown [e:\jenkins\tmp\workspace\build\src\src\hotspot\share\classfile\systemDictionary.cpp, line 245]
Event: 3.529 Thread 0x00000273b188a910 Exception <a 'java/lang/NoSuchMethodError'{0x0000000086cb4a70}: 'void java.lang.invoke.DirectMethodHandle$Holder.invokeSpecial(java.lang.Object, java.lang.Object, java.lang.Object, java.lang.Object, java.lang.Object, java.lang.Object)'> (0x0000000086cb4a70) 
thrown [e:\jenkins\tmp\workspace\build\src\src\hotspot\share\interpreter\linkResolver.cpp, line 766]
Event: 3.792 Thread 0x00000273b188a910 Implicit null exception at 0x00000273a1d3a9a6 to 0x00000273a1d3b3fc
Event: 3.818 Thread 0x00000273b188a910 Exception <a 'java/lang/NoSuchMethodError'{0x0000000086553598}: 'void java.lang.invoke.DirectMethodHandle$Holder.invokeStatic(java.lang.Object, java.lang.Object, int)'> (0x0000000086553598) 
thrown [e:\jenkins\tmp\workspace\build\src\src\hotspot\share\interpreter\linkResolver.cpp, line 766]
Event: 3.881 Thread 0x00000273b188a910 Exception <a 'java/lang/NoSuchMethodError'{0x000000008630e4d8}: 'void java.lang.invoke.DirectMethodHandle$Holder.invokeInterface(java.lang.Object, java.lang.Object, int)'> (0x000000008630e4d8) 
thrown [e:\jenkins\tmp\workspace\build\src\src\hotspot\share\interpreter\linkResolver.cpp, line 766]
Event: 3.887 Thread 0x00000273b188a910 Exception <a 'java/lang/IncompatibleClassChangeError'{0x000000008635dfd8}: Found class java.lang.Object, but interface was expected> (0x000000008635dfd8) 
thrown [e:\jenkins\tmp\workspace\build\src\src\hotspot\share\interpreter\linkResolver.cpp, line 833]
Event: 3.888 Thread 0x00000273b188a910 Exception <a 'java/lang/NoSuchMethodError'{0x000000008636eaa0}: 'int java.lang.invoke.DirectMethodHandle$Holder.invokeSpecialIFC(java.lang.Object, java.lang.Object, java.lang.Object)'> (0x000000008636eaa0) 
thrown [e:\jenkins\tmp\workspace\build\src\src\hotspot\share\interpreter\linkResolver.cpp, line 766]
Event: 3.890 Thread 0x00000273b188a910 Exception <a 'java/lang/NoSuchMethodError'{0x000000008637c938}: 'void java.lang.invoke.DirectMethodHandle$Holder.invokeStatic(java.lang.Object, int, java.lang.Object)'> (0x000000008637c938) 
thrown [e:\jenkins\tmp\workspace\build\src\src\hotspot\share\interpreter\linkResolver.cpp, line 766]
Event: 3.898 Thread 0x00000273b188a910 Exception <a 'java/lang/NoSuchMethodError'{0x00000000863b8ae8}: 'void java.lang.invoke.DirectMethodHandle$Holder.invokeVirtual(java.lang.Object, java.lang.Object, int)'> (0x00000000863b8ae8) 
thrown [e:\jenkins\tmp\workspace\build\src\src\hotspot\share\interpreter\linkResolver.cpp, line 766]
Event: 3.898 Thread 0x00000273b188a910 Exception <a 'java/lang/NoSuchMethodError'{0x00000000863beca0}: 'void java.lang.invoke.DirectMethodHandle$Holder.invokeStatic(java.lang.Object, java.lang.Object, java.lang.Object, int, java.lang.Object)'> (0x00000000863beca0) 
thrown [e:\jenkins\tmp\workspace\build\src\src\hotspot\share\interpreter\linkResolver.cpp, line 766]
Event: 3.899 Thread 0x00000273b188a910 Exception <a 'java/lang/NoSuchMethodError'{0x00000000863c6120}: 'java.lang.Object java.lang.invoke.DirectMethodHandle$Holder.newInvokeSpecial(java.lang.Object, java.lang.Object, java.lang.Object, int)'> (0x00000000863c6120) 
thrown [e:\jenkins\tmp\workspace\build\src\src\hotspot\share\interpreter\linkResolver.cpp, line 766]
Event: 3.900 Thread 0x00000273b188a910 Exception <a 'java/lang/NoSuchMethodError'{0x00000000863ca408}: 'java.lang.Object java.lang.invoke.DirectMethodHandle$Holder.invokeSpecial(java.lang.Object, java.lang.Object, java.lang.Object, java.lang.Object, int)'> (0x00000000863ca408) 
thrown [e:\jenkins\tmp\workspace\build\src\src\hotspot\share\interpreter\linkResolver.cpp, line 766]
Event: 3.900 Thread 0x00000273b188a910 Exception <a 'java/lang/NoSuchMethodError'{0x00000000863cdfd0}: 'java.lang.Object java.lang.invoke.Invokers$Holder.linkToTargetMethod(java.lang.Object, java.lang.Object, int, java.lang.Object)'> (0x00000000863cdfd0) 
thrown [e:\jenkins\tmp\workspace\build\src\src\hotspot\share\interpreter\linkResolver.cpp, line 766]
Event: 4.026 Thread 0x00000273b188a910 Exception <a 'java/lang/NoSuchMethodError'{0x0000000085ff9f68}: 'java.lang.Object java.lang.invoke.DirectMethodHandle$Holder.invokeStaticInit(java.lang.Object, int, int, int, int)'> (0x0000000085ff9f68) 
thrown [e:\jenkins\tmp\workspace\build\src\src\hotspot\share\interpreter\linkResolver.cpp, line 766]
Event: 4.096 Thread 0x00000273b188a910 Exception <a 'java/lang/NoSuchMethodError'{0x0000000085eda0d0}: 'java.lang.Object java.lang.invoke.DirectMethodHandle$Holder.invokeStaticInit(java.lang.Object, java.lang.Object, int, int, int, int)'> (0x0000000085eda0d0) 
thrown [e:\jenkins\tmp\workspace\build\src\src\hotspot\share\interpreter\linkResolver.cpp, line 766]

VM Operations (20 events):
Event: 3.806 Executing VM operation: HandshakeAllThreads done
Event: 4.003 Executing VM operation: ICBufferFull
Event: 4.003 Executing VM operation: ICBufferFull done
Event: 4.012 Executing VM operation: HandshakeAllThreads
Event: 4.012 Executing VM operation: HandshakeAllThreads done
Event: 4.047 Executing VM operation: HandshakeAllThreads
Event: 4.047 Executing VM operation: HandshakeAllThreads done
Event: 4.204 Executing VM operation: CollectForMetadataAllocation
Event: 4.211 Executing VM operation: CollectForMetadataAllocation done
Event: 4.233 Executing VM operation: G1Concurrent
Event: 4.235 Executing VM operation: G1Concurrent done
Event: 4.238 Executing VM operation: HandshakeAllThreads
Event: 4.238 Executing VM operation: HandshakeAllThreads done
Event: 4.242 Executing VM operation: G1Concurrent
Event: 4.242 Executing VM operation: G1Concurrent done
Event: 4.276 Executing VM operation: G1CollectForAllocation
Event: 4.283 Executing VM operation: G1CollectForAllocation done
Event: 4.283 Executing VM operation: G1CollectForAllocation
Event: 4.288 Executing VM operation: G1CollectForAllocation done
Event: 4.292 Executing VM operation: G1CollectForAllocation

Events (20 events):
Event: 4.254 loading class java/security/AuthProvider done
Event: 4.255 loading class javax/security/auth/login/LoginException
Event: 4.255 loading class javax/security/auth/login/LoginException done
Event: 4.255 loading class javax/security/auth/login/FailedLoginException
Event: 4.256 loading class javax/security/auth/login/FailedLoginException done
Event: 4.256 loading class javax/security/auth/Subject
Event: 4.256 loading class javax/security/auth/Subject done
Event: 4.256 loading class javax/security/auth/callback/CallbackHandler
Event: 4.256 loading class javax/security/auth/callback/CallbackHandler done
Event: 4.261 Loaded shared library C:\Users\ASUSX541U\.p2\pool\plugins\org.eclipse.justj.openjdk.hotspot.jre.full.win32.x86_64_17.0.1.v20211116-1657\jre\bin\sunmscapi.dll
Event: 4.264 loading class sun/security/provider/certpath/ldap/JdkLDAP
Event: 4.264 loading class sun/security/provider/certpath/ldap/JdkLDAP done
Event: 4.264 loading class sun/security/provider/certpath/ldap/JdkLDAP$ProviderService
Event: 4.264 loading class sun/security/provider/certpath/ldap/JdkLDAP$ProviderService done
Event: 4.265 loading class com/sun/security/sasl/Provider
Event: 4.265 loading class com/sun/security/sasl/Provider done
Event: 4.265 loading class com/sun/security/sasl/Provider$1
Event: 4.265 loading class com/sun/security/sasl/Provider$1 done
Event: 4.265 loading class com/sun/security/sasl/Provider$ProviderService
Event: 4.265 loading class com/sun/security/sasl/Provider$ProviderService done


Dynamic libraries:
0x00007ff753fa0000 - 0x00007ff753fae000 	C:\Users\ASUSX541U\.p2\pool\plugins\org.eclipse.justj.openjdk.hotspot.jre.full.win32.x86_64_17.0.1.v20211116-1657\jre\bin\javaw.exe
0x00007ffe41250000 - 0x00007ffe41448000 	C:\WINDOWS\SYSTEM32\ntdll.dll
0x00007ffe3f9a0000 - 0x00007ffe3fa5f000 	C:\WINDOWS\System32\KERNEL32.DLL
0x00007ffe3ea90000 - 0x00007ffe3ed86000 	C:\WINDOWS\System32\KERNELBASE.dll
0x00007ffe3ed90000 - 0x00007ffe3ee90000 	C:\WINDOWS\System32\ucrtbase.dll
0x00007ffe0e630000 - 0x00007ffe0e648000 	C:\Users\ASUSX541U\.p2\pool\plugins\org.eclipse.justj.openjdk.hotspot.jre.full.win32.x86_64_17.0.1.v20211116-1657\jre\bin\jli.dll
0x00007ffe17cb0000 - 0x00007ffe17cc9000 	C:\Users\ASUSX541U\.p2\pool\plugins\org.eclipse.justj.openjdk.hotspot.jre.full.win32.x86_64_17.0.1.v20211116-1657\jre\bin\VCRUNTIME140.dll
0x00007ffe40db0000 - 0x00007ffe40f4d000 	C:\WINDOWS\System32\USER32.dll
0x00007ffe3ef20000 - 0x00007ffe3ef42000 	C:\WINDOWS\System32\win32u.dll
0x00007ffe3f7f0000 - 0x00007ffe3f81c000 	C:\WINDOWS\System32\GDI32.dll
0x00007ffe306f0000 - 0x00007ffe3098a000 	C:\WINDOWS\WinSxS\amd64_microsoft.windows.common-controls_6595b64144ccf1df_6.0.19041.1110_none_60b5254171f9507e\COMCTL32.dll
0x00007ffe3f160000 - 0x00007ffe3f275000 	C:\WINDOWS\System32\gdi32full.dll
0x00007ffe3f070000 - 0x00007ffe3f10d000 	C:\WINDOWS\System32\msvcp_win.dll
0x00007ffe40a00000 - 0x00007ffe40a9e000 	C:\WINDOWS\System32\msvcrt.dll
0x00007ffe409d0000 - 0x00007ffe40a00000 	C:\WINDOWS\System32\IMM32.DLL
0x00007ffe1e6c0000 - 0x00007ffe1e6cc000 	C:\Users\ASUSX541U\.p2\pool\plugins\org.eclipse.justj.openjdk.hotspot.jre.full.win32.x86_64_17.0.1.v20211116-1657\jre\bin\vcruntime140_1.dll
0x00007ffe03020000 - 0x00007ffe030b1000 	C:\Users\ASUSX541U\.p2\pool\plugins\org.eclipse.justj.openjdk.hotspot.jre.full.win32.x86_64_17.0.1.v20211116-1657\jre\bin\msvcp140.dll
0x00007ffdcc850000 - 0x00007ffdcd496000 	C:\Users\ASUSX541U\.p2\pool\plugins\org.eclipse.justj.openjdk.hotspot.jre.full.win32.x86_64_17.0.1.v20211116-1657\jre\bin\server\jvm.dll
0x00007ffe3f8f0000 - 0x00007ffe3f99f000 	C:\WINDOWS\System32\ADVAPI32.dll
0x00007ffe40aa0000 - 0x00007ffe40b3c000 	C:\WINDOWS\System32\sechost.dll
0x00007ffe40f50000 - 0x00007ffe41076000 	C:\WINDOWS\System32\RPCRT4.dll
0x00007ffe3f780000 - 0x00007ffe3f788000 	C:\WINDOWS\System32\PSAPI.DLL
0x00007ffe2bc00000 - 0x00007ffe2bc09000 	C:\WINDOWS\SYSTEM32\WSOCK32.dll
0x00007ffe40940000 - 0x00007ffe409ab000 	C:\WINDOWS\System32\WS2_32.dll
0x00007ffe31630000 - 0x00007ffe31657000 	C:\WINDOWS\SYSTEM32\WINMM.dll
0x00007ffe31660000 - 0x00007ffe3166a000 	C:\WINDOWS\SYSTEM32\VERSION.dll
0x00007ffe3d470000 - 0x00007ffe3d482000 	C:\WINDOWS\SYSTEM32\kernel.appcore.dll
0x00007ffe25660000 - 0x00007ffe2566a000 	C:\Users\ASUSX541U\.p2\pool\plugins\org.eclipse.justj.openjdk.hotspot.jre.full.win32.x86_64_17.0.1.v20211116-1657\jre\bin\jimage.dll
0x00007ffe3d1a0000 - 0x00007ffe3d384000 	C:\WINDOWS\SYSTEM32\DBGHELP.DLL
0x00007ffe26c30000 - 0x00007ffe26c64000 	C:\WINDOWS\SYSTEM32\dbgcore.DLL
0x00007ffe3ee90000 - 0x00007ffe3ef12000 	C:\WINDOWS\System32\bcryptPrimitives.dll
0x00007ffe0c100000 - 0x00007ffe0c125000 	C:\Users\ASUSX541U\.p2\pool\plugins\org.eclipse.justj.openjdk.hotspot.jre.full.win32.x86_64_17.0.1.v20211116-1657\jre\bin\java.dll
0x00007ffe0c0e0000 - 0x00007ffe0c0f8000 	C:\Users\ASUSX541U\.p2\pool\plugins\org.eclipse.justj.openjdk.hotspot.jre.full.win32.x86_64_17.0.1.v20211116-1657\jre\bin\zip.dll
0x00007ffe3fa60000 - 0x00007ffe401a4000 	C:\WINDOWS\System32\SHELL32.dll
0x00007ffe3c5f0000 - 0x00007ffe3cd84000 	C:\WINDOWS\SYSTEM32\windows.storage.dll
0x00007ffe405e0000 - 0x00007ffe40934000 	C:\WINDOWS\System32\combase.dll
0x00007ffe3e290000 - 0x00007ffe3e2be000 	C:\WINDOWS\SYSTEM32\Wldp.dll
0x00007ffe402e0000 - 0x00007ffe4038d000 	C:\WINDOWS\System32\SHCORE.dll
0x00007ffe40cd0000 - 0x00007ffe40d25000 	C:\WINDOWS\System32\shlwapi.dll
0x00007ffe3e860000 - 0x00007ffe3e885000 	C:\WINDOWS\SYSTEM32\profapi.dll
0x00007ffe08bf0000 - 0x00007ffe08c09000 	C:\Users\ASUSX541U\.p2\pool\plugins\org.eclipse.justj.openjdk.hotspot.jre.full.win32.x86_64_17.0.1.v20211116-1657\jre\bin\net.dll
0x00007ffe31f70000 - 0x00007ffe3207a000 	C:\WINDOWS\SYSTEM32\WINHTTP.dll
0x00007ffe3e000000 - 0x00007ffe3e06a000 	C:\WINDOWS\system32\mswsock.dll
0x00007ffe07ed0000 - 0x00007ffe07ee5000 	C:\Users\ASUSX541U\.p2\pool\plugins\org.eclipse.justj.openjdk.hotspot.jre.full.win32.x86_64_17.0.1.v20211116-1657\jre\bin\nio.dll
0x00007ffe379e0000 - 0x00007ffe379e9000 	C:\Users\ASUSX541U\.p2\pool\plugins\org.eclipse.justj.openjdk.hotspot.jre.full.win32.x86_64_17.0.1.v20211116-1657\jre\bin\management.dll
0x00007ffe373d0000 - 0x00007ffe373db000 	C:\Users\ASUSX541U\.p2\pool\plugins\org.eclipse.justj.openjdk.hotspot.jre.full.win32.x86_64_17.0.1.v20211116-1657\jre\bin\management_ext.dll
0x00007ffe3e2d0000 - 0x00007ffe3e2e8000 	C:\WINDOWS\SYSTEM32\CRYPTSP.dll
0x00007ffe3d940000 - 0x00007ffe3d974000 	C:\WINDOWS\system32\rsaenh.dll
0x00007ffe3f280000 - 0x00007ffe3f2a7000 	C:\WINDOWS\System32\bcrypt.dll
0x00007ffe3e820000 - 0x00007ffe3e84e000 	C:\WINDOWS\SYSTEM32\USERENV.dll
0x00007ffe3e190000 - 0x00007ffe3e19c000 	C:\WINDOWS\SYSTEM32\CRYPTBASE.dll
0x00007ffe3dd10000 - 0x00007ffe3dd4c000 	C:\WINDOWS\SYSTEM32\IPHLPAPI.DLL
0x00007ffe405d0000 - 0x00007ffe405d8000 	C:\WINDOWS\System32\NSI.dll
0x00007ffe36730000 - 0x00007ffe36747000 	C:\WINDOWS\SYSTEM32\dhcpcsvc6.DLL
0x00007ffe36710000 - 0x00007ffe3672d000 	C:\WINDOWS\SYSTEM32\dhcpcsvc.DLL
0x00007ffe3dd50000 - 0x00007ffe3de1a000 	C:\WINDOWS\SYSTEM32\DNSAPI.dll
0x00007ffe30d40000 - 0x00007ffe30d4e000 	C:\Users\ASUSX541U\.p2\pool\plugins\org.eclipse.justj.openjdk.hotspot.jre.full.win32.x86_64_17.0.1.v20211116-1657\jre\bin\sunmscapi.dll
0x00007ffe3e930000 - 0x00007ffe3ea8e000 	C:\WINDOWS\System32\CRYPT32.dll
0x00007ffe3e350000 - 0x00007ffe3e378000 	C:\WINDOWS\SYSTEM32\ncrypt.dll
0x00007ffe3e310000 - 0x00007ffe3e34b000 	C:\WINDOWS\SYSTEM32\NTASN1.dll

dbghelp: loaded successfully - version: 4.0.5 - missing functions: none
symbol engine: initialized successfully - sym options: 0x614 - pdb path: .;C:\Users\ASUSX541U\.p2\pool\plugins\org.eclipse.justj.openjdk.hotspot.jre.full.win32.x86_64_17.0.1.v20211116-1657\jre\bin;C:\WINDOWS\SYSTEM32;C:\WINDOWS\WinSxS\amd64_microsoft.windows.common-controls_6595b64144ccf1df_6.0.19041.1110_none_60b5254171f9507e;C:\Users\ASUSX541U\.p2\pool\plugins\org.eclipse.justj.openjdk.hotspot.jre.full.win32.x86_64_17.0.1.v20211116-1657\jre\bin\server

VM Arguments:
jvm_args: -Dfile.encoding=UTF-8 -XX:+ShowCodeDetailsInExceptionMessages 
java_command: must.wikisyllabus.WikiSyllabusApplication
java_class_path (initial): C:\Users\ASUSX541U\eclipse-workspace\Spring\wikisyllabus\target\classes;C:\Users\ASUSX541U\.m2\repository\org\springframework\boot\spring-boot-starter-data-jpa\3.1.1\spring-boot-starter-data-jpa-3.1.1.jar;C:\Users\ASUSX541U\.m2\repository\org\springframework\boot\spring-boot-starter-aop\3.1.1\spring-boot-starter-aop-3.1.1.jar;C:\Users\ASUSX541U\.m2\repository\org\springframework\spring-aop\6.0.10\spring-aop-6.0.10.jar;C:\Users\ASUSX541U\.m2\repository\org\aspectj\aspectjweaver\1.9.19\aspectjweaver-1.9.19.jar;C:\Users\ASUSX541U\.m2\repository\org\springframework\boot\spring-boot-starter-jdbc\3.1.1\spring-boot-starter-jdbc-3.1.1.jar;C:\Users\ASUSX541U\.m2\repository\com\zaxxer\HikariCP\5.0.1\HikariCP-5.0.1.jar;C:\Users\ASUSX541U\.m2\repository\org\springframework\spring-jdbc\6.0.10\spring-jdbc-6.0.10.jar;C:\Users\ASUSX541U\.m2\repository\org\hibernate\orm\hibernate-core\6.2.5.Final\hibernate-core-6.2.5.Final.jar;C:\Users\ASUSX541U\.m2\repository\jakarta\persistence\jakarta.persistence-api\3.1.0\jakarta.persistence-api-3.1.0.jar;C:\Users\ASUSX541U\.m2\repository\jakarta\transaction\jakarta.transaction-api\2.0.1\jakarta.transaction-api-2.0.1.jar;C:\Users\ASUSX541U\.m2\repository\org\jboss\logging\jboss-logging\3.5.1.Final\jboss-logging-3.5.1.Final.jar;C:\Users\ASUSX541U\.m2\repository\org\hibernate\common\hibernate-commons-annotations\6.0.6.Final\hibernate-commons-annotations-6.0.6.Final.jar;C:\Users\ASUSX541U\.m2\repository\io\smallrye\jandex\3.0.5\jandex-3.0.5.jar;C:\Users\ASUSX541U\.m2\repository\com\fasterxml\classmate\1.5.1\classmate-1.5.1.jar;C:\Users\ASUSX541U\.m2\repository\net\bytebuddy\byte-buddy\1.14.5\byte-buddy-1.14.5.jar;C:\Users\ASUSX541U\.m2\repository\org\glassfish\jaxb\jaxb-runtime\4.0.3\jaxb-runtime-4.0.3.jar;C:\Users\ASUSX541U\.m2\repository\org\glassfish\jaxb\jaxb-core\4.0.3\jaxb-core-4.0.3.jar;C:\Users\ASUSX541U\.m2\repository\org\eclipse\angus\angus-activation\2.0.1\angus-activation-2.0.1.jar;C:\Users\ASUSX541U\.m2\rep
Launcher Type: SUN_STANDARD

[Global flags]
     intx CICompilerCount                          = 3                                         {product} {ergonomic}
     uint ConcGCThreads                            = 1                                         {product} {ergonomic}
     uint G1ConcRefinementThreads                  = 4                                         {product} {ergonomic}
   size_t G1HeapRegionSize                         = 1048576                                   {product} {ergonomic}
    uintx GCDrainStackTargetSize                   = 64                                        {product} {ergonomic}
   size_t InitialHeapSize                          = 134217728                                 {product} {ergonomic}
   size_t MarkStackSize                            = 4194304                                   {product} {ergonomic}
   size_t MaxHeapSize                              = 2118123520                                {product} {ergonomic}
   size_t MaxNewSize                               = 1270874112                                {product} {ergonomic}
   size_t MinHeapDeltaBytes                        = 1048576                                   {product} {ergonomic}
   size_t MinHeapSize                              = 8388608                                   {product} {ergonomic}
    uintx NonNMethodCodeHeapSize                   = 5832780                                {pd product} {ergonomic}
    uintx NonProfiledCodeHeapSize                  = 122912730                              {pd product} {ergonomic}
    uintx ProfiledCodeHeapSize                     = 122912730                              {pd product} {ergonomic}
    uintx ReservedCodeCacheSize                    = 251658240                              {pd product} {ergonomic}
     bool SegmentedCodeCache                       = true                                      {product} {ergonomic}
     bool ShowCodeDetailsInExceptionMessages       = true                                   {manageable} {command line}
   size_t SoftMaxHeapSize                          = 2118123520                             {manageable} {ergonomic}
     bool UseCompressedClassPointers               = true                           {product lp64_product} {ergonomic}
     bool UseCompressedOops                        = true                           {product lp64_product} {ergonomic}
     bool UseG1GC                                  = true                                      {product} {ergonomic}
     bool UseLargePagesIndividualAllocation        = false                                  {pd product} {ergonomic}

Logging:
Log output configuration:
 #0: stdout all=warning uptime,level,tags
 #1: stderr all=off uptime,level,tags

Environment Variables:
PATH=C:/Users/ASUSX541U/.p2/pool/plugins/org.eclipse.justj.openjdk.hotspot.jre.full.win32.x86_64_17.0.1.v20211116-1657/jre/bin/server;C:/Users/ASUSX541U/.p2/pool/plugins/org.eclipse.justj.openjdk.hotspot.jre.full.win32.x86_64_17.0.1.v20211116-1657/jre/bin;C:\ProgramData\Oracle\Java\javapath;C:\Program Files\Eclipse Adoptium\jdk-8.0.322.6-hotspot\bin;C:\oraclexe\app\oracle\product\11.2.0\server\bin;C:\Program Files (x86)\Common Files\Oracle\Java\javapath;C:\Windows\system32;C:\Windows;C:\Windows\System32\Wbem;C:\Windows\System32\WindowsPowerShell\v1.0\;C:\Program Files (x86)\NVIDIA Corporation\PhysX\Common;C:\Program Files (x86)\AOMEI Backupper;C:\TDM-GCC-64\bin;C:\WINDOWS\system32;C:\WINDOWS;C:\WINDOWS\System32\Wbem;C:\WINDOWS\System32\WindowsPowerShell\v1.0\;C:\WINDOWS\System32\OpenSSH\;E:\9raya hhhh\Transmission de donnees\R2014a\runtime\win64;E:\9raya hhhh\Transmission de donnees\R2014a\bin;E:\9raya hhhh\Transmission de donnees\R2014a\polyspace\bin;E:\9raya hhhh\Transmission de donnees\R2014b\runtime\win64;E:\9raya hhhh\Transmission de donnees\R2014b\bin;E:\9raya hhhh\Transmission de donnees\R2014b\polyspace\bin;C:\instantclient_11_2;C:\Program Files\Git\cmd;C:\Program Files\nodejs\;C:\Users\ASUSX541U\AppData\Local\Programs\Python\Python39;C:\OCaml64\usr\local\bin;C:\OCaml64\bin;C:\OCaml64\home\ASUSX541U\.opam\4.14.0+mingw64c\bin;E:\Programs\anaconda3;E:\Programs\anaconda3\Library\mingw-w64\bin;E:\Programs\anaconda3\Library\usr\bin;E:\Programs\anaconda3\Library\bin;E:\Programs\anaconda3\Scripts;C:\Users\ASUSX541U\AppData\Local\Microsoft\WindowsApps;C:\Program Files\CodeBlocks\MinGW\bin;E:\Programs\Microsoft VS Code\bin;E:\wamp64\www;E:\wamp64\bin\php\php7.1.33;C:\Users\ASUSX541U\AppData\Local\ComposerSetup\bin;C:\Users\ASUSX541U\AppData\Roaming\Composer\vendor\bin;C:\Users\ASUSX541U\AppData\Roaming\npm;C:\Program Files\swipl\bin;C:\OCaml64\usr\local\bin;C:\OCaml64\bin;C:\OCaml64\home\ASUSX541U\.opam\4.14.0+mingw64c\bin;;C:\WINDOWS\system32;
USERNAME=ASUSX541U
OS=Windows_NT
PROCESSOR_IDENTIFIER=Intel64 Family 6 Model 142 Stepping 9, GenuineIntel



---------------  S Y S T E M  ---------------

OS:
 Windows 10 , 64 bit Build 19041 (10.0.19041.3155)
OS uptime: 0 days 0:47 hours
Hyper-V role detected

CPU: total 4 (initial active 4) (2 cores per cpu, 2 threads per core) family 6 model 142 stepping 9 microcode 0xb4, cx8, cmov, fxsr, ht, mmx, 3dnowpref, sse, sse2, sse3, ssse3, sse4.1, sse4.2, popcnt, lzcnt, tsc, tscinvbit, avx, avx2, aes, erms, clmul, bmi1, bmi2, adx, fma, vzeroupper, clflush, clflushopt, hv

Memory: 4k page, system-wide physical 8073M (1842M free)
TotalPageFile size 9404M (AvailPageFile size 23M)
current process WorkingSet (physical memory assigned to process): 225M, peak: 225M
current process commit charge ("private bytes"): 251M, peak: 279M

vm_info: OpenJDK 64-Bit Server VM (17.0.1+12) for windows-amd64 JRE (17.0.1+12), built on Oct 20 2021 07:42:55 by "" with MS VC++ 16.7 (VS2019)

END.
